#
# A fatal error has been detected by the Java Runtime Environment:
#
#  SIGSEGV (0xb) at pc=0x00007f0bf6e75a39, pid=17061, tid=17086
#
# JRE version: OpenJDK Runtime Environment Temurin-17.0.2+8 (17.0.2+8) (build 17.0.2+8)
# Java VM: OpenJDK 64-Bit Server VM Temurin-17.0.2+8 (17.0.2+8, mixed mode, tiered, compressed oops, compressed class ptrs, g1 gc, linux-amd64)
# Problematic frame:
# V  [libjvm.so+0xea0a39]  Symbol::as_C_string() const+0x9
#
# No core dump will be written. Core dumps have been disabled. To enable core dumping, try "ulimit -c unlimited" before starting Java again
#
# If you would like to submit a bug report, please visit:
#   https://github.com/adoptium/adoptium-support/issues
#

---------------  S U M M A R Y ------------

Command Line: -XX:+ShowCodeDetailsInExceptionMessages -agentlib:jdwp=transport=dt_socket,suspend=y,address=localhost:41781 -ea -javaagent:/home/gpierre/Documents/eclipse/configuration/org.eclipse.osgi/217/0/.cp/lib/javaagent-shaded.jar -Dfile.encoding=UTF-8 org.eclipse.jdt.internal.junit.runner.RemoteTestRunner -version 3 -port 44933 -testLoaderClass org.eclipse.jdt.internal.junit4.runner.JUnit4TestLoader -loaderpluginname org.eclipse.jdt.junit4.runtime -test org.hipparchus.filtering.kalman.unscented.UnscentedKalmanFilterTest3:testRadar

Host: Intel(R) Core(TM) i5-8350U CPU @ 1.70GHz, 8 cores, 15G, Ubuntu 20.04.4 LTS
Time: Tue Apr 26 12:00:53 2022 CEST elapsed time: 921.108468 seconds (0d 0h 15m 21s)

---------------  T H R E A D  ---------------

Current thread (0x00007f0bf02f41f0):  JavaThread "JDWP Transport Listener: dt_socket" daemon [_thread_in_vm, id=17086, stack(0x00007f0bc4301000,0x00007f0bc4402000)]

Stack: [0x00007f0bc4301000,0x00007f0bc4402000],  sp=0x00007f0bc44009a0,  free space=1022k
Native frames: (J=compiled Java code, j=interpreted, Vv=VM code, C=native code)
V  [libjvm.so+0xea0a39]  Symbol::as_C_string() const+0x9
V  [libjvm.so+0xa1e894]  JvmtiEnv::GetClassSignature(oopDesc*, char**, char**)+0x114
V  [libjvm.so+0x9d4079]  jvmti_GetClassSignature+0x1d9
C  [libjdwp.so+0x2c2df]  classSignature+0x3f
C  [libjdwp.so+0x7938]  signatureWithGeneric+0x68
C  [libjdwp.so+0x12ec5]  debugLoop_run+0x1f5
C  [libjdwp.so+0x26123]  attachThread+0x33
V  [libjvm.so+0xa3af45]  JvmtiAgentThread::start_function_wrapper(JavaThread*, JavaThread*)+0x85
V  [libjvm.so+0xf02e80]  JavaThread::thread_main_inner()+0x180
V  [libjvm.so+0xf062e2]  Thread::call_run()+0xe2
V  [libjvm.so+0xc40b81]  thread_native_entry(Thread*)+0xe1


siginfo: si_signo: 11 (SIGSEGV), si_code: 1 (SEGV_MAPERR), si_addr: 0x0000000000ce0058

Register to memory mapping:

RAX=0x000000000000010e is an unknown value
RBX=0x00007f0ba4055430 points into unknown readable memory: 0x0000000000000000 | 00 00 00 00 00 00 00 00
RCX=0x00007f0b872868d0 is pointing into metadata
RDX=0x000000000000003b is an unknown value
RSP=0x00007f0bc44009a0 is pointing into the stack for thread: 0x00007f0bf02f41f0
RBP=0x00007f0bc44009b0 is pointing into the stack for thread: 0x00007f0bf02f41f0
RSI=0x0 is NULL
RDI=0x0000000000ce0054 is an unknown value
R8 =0x00007f0b94002ba0 points into unknown readable memory: 0x7069682f67726f4c | 4c 6f 72 67 2f 68 69 70
R9 =0x0000000000000041 is an unknown value
R10=0x000000000000003f is an unknown value
R11=0x00007f0ba4055440 points into unknown readable memory: 0x707069682f67726f | 6f 72 67 2f 68 69 70 70
R12=0x00000008001153e0 is a pointer to class: 
org.hipparchus.filtering.kalman.unscented.UnscentedKalmanFilter {0x00000008001153e0}
 - instance size:     6
 - klass size:        77
 - access:            public synchronized 
 - state:             fully_initialized
 - name:              'org/hipparchus/filtering/kalman/unscented/UnscentedKalmanFilter'
 - super:             'java/lang/Object'
 - sub:               
 - arrays:            NULL
 - methods:           Array<T>(0x00007f0b872847e8)
 - method ordering:   Array<T>(0x00007f0b87285430)
 - default_methods:   Array<T>(0x0000000000000000)
 - local interfaces:  Array<T>(0x00007f0b8709abb8)
 - trans. interfaces: Array<T>(0x00007f0b8709abb8)
 - constants:         constant pool [272] {0x00007f0b872868d0} for 'org/hipparchus/filtering/kalman/unscented/UnscentedKalmanFilter' cache=0x00007f0b87287228
 - class loader data:  loader data: 0x00007f0bf02b52e0 for instance a 'jdk/internal/loader/ClassLoaders$AppClassLoader'{0x00000007178570b8}
 - source file:       'UnscentedKalmanFilter.java'
 - source debug extension:       SMAP
UnscentedKalmanFilter.java
Java
*S jdt
*F
1 UnscentedKalmanFilter.java
2 file:/home/gpierre/git/hipparchus/hipparchus-filtering/target/classes/
*L
*E

 - class annotations:       Array<T>(0x0000000000000000)
 - class type annotations:  Array<T>(0x0000000000000000)
 - field annotations:       Array<T>(0x0000000000000000)
 - field type annotations:  Array<T>(0x0000000000000000)
 - previous version:  constant pool [270] {0x00007f0b87099ec8} for 'org/hipparchus/filtering/kalman/unscented/UnscentedKalmanFilter' (extra) cache=0x00007f0b872690a0
 - generic signature: '
[error occurred during error reporting (printing register info), id 0xb, SIGSEGV (0xb) at pc=0x00007f0bf6e77188]

Registers:
RAX=0x000000000000010e, RBX=0x00007f0ba4055430, RCX=0x00007f0b872868d0, RDX=0x000000000000003b
RSP=0x00007f0bc44009a0, RBP=0x00007f0bc44009b0, RSI=0x0000000000000000, RDI=0x0000000000ce0054
R8 =0x00007f0b94002ba0, R9 =0x0000000000000041, R10=0x000000000000003f, R11=0x00007f0ba4055440
R12=0x00000008001153e0, R13=0x00007f0bc4400ae8, R14=0x00000008001153e0, R15=0x00007f0bf02f4030
RIP=0x00007f0bf6e75a39, EFLAGS=0x0000000000010246, CSGSFS=0x002b000000000033, ERR=0x0000000000000004
  TRAPNO=0x000000000000000e

Top of Stack: (sp=0x00007f0bc44009a0)
0x00007f0bc44009a0:   00007f0ba4055430 00000008001153e0
0x00007f0bc44009b0:   00007f0bc4400a20 00007f0bf69f3894
0x00007f0bc44009c0:   00007f0ba4055480 00000000000003d8
0x00007f0bc44009d0:   00007f0bf0017030 00007f0ba4055818 

Instructions: (pc=0x00007f0bf6e75a39)
0x00007f0bf6e75939:   41 0f 11 04 09 48 83 c1 10 41 39 fb 77 e9 89 d9
0x00007f0bf6e75949:   83 e1 f0 01 ca 39 cb 48 63 d2 74 13 0f 1f 00 41
0x00007f0bf6e75959:   0f b6 0c 10 88 0c 10 48 83 c2 01 39 d6 7f f0 48
0x00007f0bf6e75969:   63 f6 5b c6 04 30 00 5d c3 66 0f 1f 44 00 00 ba
0x00007f0bf6e75979:   02 00 00 00 eb 91 90 ba 05 00 00 00 eb 89 ba 0d
0x00007f0bf6e75989:   00 00 00 eb 82 66 90 31 d2 48 63 d2 0f 1f 00 41
0x00007f0bf6e75999:   0f b6 0c 10 88 0c 10 48 83 c2 01 39 d6 7f f0 e9
0x00007f0bf6e759a9:   44 ff ff ff 0f 1f 00 ba 03 00 00 00 e9 56 ff ff
0x00007f0bf6e759b9:   ff 66 0f 1f 44 00 00 ba 04 00 00 00 e9 46 ff ff
0x00007f0bf6e759c9:   ff 66 0f 1f 44 00 00 ba 06 00 00 00 e9 36 ff ff
0x00007f0bf6e759d9:   ff 31 d2 e9 2f ff ff ff ba 07 00 00 00 e9 25 ff
0x00007f0bf6e759e9:   ff ff ba 08 00 00 00 e9 1b ff ff ff ba 09 00 00
0x00007f0bf6e759f9:   00 e9 11 ff ff ff ba 0a 00 00 00 e9 07 ff ff ff
0x00007f0bf6e75a09:   ba 0b 00 00 00 e9 fd fe ff ff ba 0c 00 00 00 e9
0x00007f0bf6e75a19:   f3 fe ff ff ba 0e 00 00 00 e9 e9 fe ff ff 90 0f
0x00007f0bf6e75a29:   1f 84 00 00 00 00 00 55 31 f6 48 89 e5 41 54 53
0x00007f0bf6e75a39:   44 0f b7 67 04 48 89 fb 41 8d 7c 24 01 48 63 ff
0x00007f0bf6e75a49:   e8 d2 82 e4 ff 0f b7 73 04 44 39 e6 49 0f 4f f4
0x00007f0bf6e75a59:   85 f6 0f 84 8f 01 00 00 48 8d 50 10 4c 8d 43 06
0x00007f0bf6e75a69:   49 39 d0 48 8d 53 16 0f 93 c1 48 39 d0 0f 93 c2
0x00007f0bf6e75a79:   08 d1 0f 84 8f 01 00 00 83 fe 14 0f 86 86 01 00
0x00007f0bf6e75a89:   00 4c 89 c1 8d 7e ff 48 f7 d9 83 e1 0f 8d 51 0f
0x00007f0bf6e75a99:   39 d7 0f 82 af 01 00 00 85 c9 0f 84 eb 01 00 00
0x00007f0bf6e75aa9:   0f b6 53 06 83 f9 01 88 10 0f 84 48 01 00 00 0f
0x00007f0bf6e75ab9:   b6 53 07 83 f9 02 88 50 01 0f 84 78 01 00 00 0f
0x00007f0bf6e75ac9:   b6 53 08 83 f9 03 88 50 02 0f 84 80 01 00 00 0f
0x00007f0bf6e75ad9:   b6 53 09 83 f9 04 88 50 03 0f 84 80 01 00 00 0f
0x00007f0bf6e75ae9:   b6 53 0a 83 f9 05 88 50 04 0f 84 88 01 00 00 0f
0x00007f0bf6e75af9:   b6 53 0b 83 f9 06 88 50 05 0f 84 82 01 00 00 0f
0x00007f0bf6e75b09:   b6 53 0c 83 f9 07 88 50 06 0f 84 5a 01 00 00 0f
0x00007f0bf6e75b19:   b6 53 0d 83 f9 08 88 50 07 0f 84 73 01 00 00 0f
0x00007f0bf6e75b29:   b6 53 0e 83 f9 09 88 50 08 0f 84 6d 01 00 00 0f 


Stack slot to memory mapping:
stack at sp + 0 slots: 0x00007f0ba4055430 points into unknown readable memory: 0x0000000000000000 | 00 00 00 00 00 00 00 00
stack at sp + 1 slots: 0x00000008001153e0 is a pointer to class: 
org.hipparchus.filtering.kalman.unscented.UnscentedKalmanFilter {0x00000008001153e0}
 - instance size:     6
 - klass size:        77
 - access:            public synchronized 
 - state:             fully_initialized
 - name:              'org/hipparchus/filtering/kalman/unscented/UnscentedKalmanFilter'
 - super:             'java/lang/Object'
 - sub:               
 - arrays:            NULL
 - methods:           Array<T>(0x00007f0b872847e8)
 - method ordering:   Array<T>(0x00007f0b87285430)
 - default_methods:   Array<T>(0x0000000000000000)
 - local interfaces:  Array<T>(0x00007f0b8709abb8)
 - trans. interfaces: Array<T>(0x00007f0b8709abb8)
 - constants:         constant pool [272] {0x00007f0b872868d0} for 'org/hipparchus/filtering/kalman/unscented/UnscentedKalmanFilter' cache=0x00007f0b87287228
 - class loader data:  loader data: 0x00007f0bf02b52e0 for instance a 'jdk/internal/loader/ClassLoaders$AppClassLoader'{0x00000007178570b8}
 - source file:       'UnscentedKalmanFilter.java'
 - source debug extension:       SMAP
UnscentedKalmanFilter.java
Java
*S jdt
*F
1 UnscentedKalmanFilter.java
2 file:/home/gpierre/git/hipparchus/hipparchus-filtering/target/classes/
*L
*E

 - class annotations:       Array<T>(0x0000000000000000)
 - class type annotations:  Array<T>(0x0000000000000000)
 - field annotations:       Array<T>(0x0000000000000000)
 - field type annotations:  Array<T>(0x0000000000000000)
 - previous version:  constant pool [270] {0x00007f0b87099ec8} for 'org/hipparchus/filtering/kalman/unscented/UnscentedKalmanFilter' (extra) cache=0x00007f0b872690a0
 - generic signature: '
[error occurred during error reporting (inspecting top of stack), id 0xb, SIGSEGV (0xb) at pc=0x00007f0bf6e77188]


---------------  P R O C E S S  ---------------

Threads class SMR info:
_java_thread_list=0x00007f0b7c017170, length=15, elements={
0x00007f0bf0026f10, 0x00007f0bf01d2750, 0x00007f0bf01d4100, 0x00007f0bf01f91f0,
0x00007f0bf01fa5a0, 0x00007f0bf01fb9b0, 0x00007f0bf01fd030, 0x00007f0bf01fe510,
0x00007f0bf01ff980, 0x00007f0bf02a9900, 0x00007f0bf02f41f0, 0x00007f0bf03079c0,
0x00007f0b94000fb0, 0x00007f0bf0411310, 0x00007f0bf04b12b0
}

Java Threads: ( => current thread )
  0x00007f0bf0026f10 JavaThread "main" [_thread_blocked, id=17068, stack(0x00007f0bf5d7b000,0x00007f0bf5e7c000)]
  0x00007f0bf01d2750 JavaThread "Reference Handler" daemon [_thread_blocked, id=17076, stack(0x00007f0bc55fd000,0x00007f0bc56fe000)]
  0x00007f0bf01d4100 JavaThread "Finalizer" daemon [_thread_blocked, id=17077, stack(0x00007f0bc54fc000,0x00007f0bc55fd000)]
  0x00007f0bf01f91f0 JavaThread "Signal Dispatcher" daemon [_thread_blocked, id=17078, stack(0x00007f0bc4c0e000,0x00007f0bc4d0f000)]
  0x00007f0bf01fa5a0 JavaThread "Service Thread" daemon [_thread_blocked, id=17079, stack(0x00007f0bc4b0d000,0x00007f0bc4c0e000)]
  0x00007f0bf01fb9b0 JavaThread "Monitor Deflation Thread" daemon [_thread_blocked, id=17080, stack(0x00007f0bc4a0c000,0x00007f0bc4b0d000)]
  0x00007f0bf01fd030 JavaThread "C2 CompilerThread0" daemon [_thread_blocked, id=17081, stack(0x00007f0bc490b000,0x00007f0bc4a0c000)]
  0x00007f0bf01fe510 JavaThread "C1 CompilerThread0" daemon [_thread_blocked, id=17082, stack(0x00007f0bc480a000,0x00007f0bc490b000)]
  0x00007f0bf01ff980 JavaThread "Sweeper thread" daemon [_thread_blocked, id=17083, stack(0x00007f0bc4709000,0x00007f0bc480a000)]
  0x00007f0bf02a9900 JavaThread "Common-Cleaner" daemon [_thread_blocked, id=17084, stack(0x00007f0bc4608000,0x00007f0bc4709000)]
=>0x00007f0bf02f41f0 JavaThread "JDWP Transport Listener: dt_socket" daemon [_thread_in_vm, id=17086, stack(0x00007f0bc4301000,0x00007f0bc4402000)]
  0x00007f0bf03079c0 JavaThread "JDWP Event Helper Thread" daemon [_thread_blocked, id=17089, stack(0x00007f0bc4200000,0x00007f0bc4301000)]
  0x00007f0b94000fb0 JavaThread "JDWP Command Reader" daemon [_thread_in_native, id=17090, stack(0x00007f0bc40ff000,0x00007f0bc4200000)]
  0x00007f0bf0411310 JavaThread "Notification Thread" daemon [_thread_blocked, id=17095, stack(0x00007f0b87ad6000,0x00007f0b87bd7000)]
  0x00007f0bf04b12b0 JavaThread "ReaderThread" [_thread_in_native, id=17098, stack(0x00007f0b86aed000,0x00007f0b86bee000)]

Other Threads:
  0x00007f0bf0182e30 VMThread "VM Thread" [stack: 0x00007f0bc5700000,0x00007f0bc5800000] [id=17075]
  0x00007f0bf0225610 WatcherThread [stack: 0x00007f0b879d6000,0x00007f0b87ad6000] [id=17096]
  0x00007f0bf0075c30 GCTaskThread "GC Thread#0" [stack: 0x00007f0bf41a7000,0x00007f0bf42a7000] [id=17069]
  0x00007f0bf0086a00 ConcurrentGCThread "G1 Main Marker" [stack: 0x00007f0bf40a5000,0x00007f0bf41a5000] [id=17070]
  0x00007f0bf0087960 ConcurrentGCThread "G1 Conc#0" [stack: 0x00007f0bd4d48000,0x00007f0bd4e48000] [id=17071]
  0x00007f0bf013b2f0 ConcurrentGCThread "G1 Refine#0" [stack: 0x00007f0bd443e000,0x00007f0bd453e000] [id=17072]
  0x00007f0bf013c1e0 ConcurrentGCThread "G1 Service" [stack: 0x00007f0bd433c000,0x00007f0bd443c000] [id=17073]

Threads with active compile tasks:

VM state: not at safepoint (normal execution)

VM Mutex/Monitor currently owned by a thread: None

Heap address: 0x0000000708200000, size: 3966 MB, Compressed Oops mode: Zero based, Oop shift amount: 3

CDS archive(s) not mapped
Compressed class space mapped at: 0x0000000800000000-0x0000000840000000, reserved size: 1073741824
Narrow klass base: 0x0000000800000000, Narrow klass shift: 0, Narrow klass range: 0x40000000

GC Precious Log:
 CPUs: 8 total, 8 available
 Memory: 15860M
 Large Page Support: Disabled
 NUMA Support: Disabled
 Compressed Oops: Enabled (Zero based)
 Heap Region Size: 2M
 Heap Min Capacity: 8M
 Heap Initial Capacity: 248M
 Heap Max Capacity: 3966M
 Pre-touch: Disabled
 Parallel Workers: 8
 Concurrent Workers: 2
 Concurrent Refinement Workers: 8
 Periodic GC: Disabled

Heap:
 garbage-first heap   total 253952K, used 20480K [0x0000000708200000, 0x0000000800000000)
  region size 2048K, 11 young (22528K), 0 survivors (0K)
 Metaspace       used 12857K, committed 12992K, reserved 1064960K
  class space    used 1162K, committed 1216K, reserved 1048576K

Heap Regions: E=young(eden), S=young(survivor), O=old, HS=humongous(starts), HC=humongous(continues), CS=collection set, F=free, OA=open archive, CA=closed archive, TAMS=top-at-mark-start (previous, next)
|   0|0x0000000708200000, 0x0000000708200000, 0x0000000708400000|  0%| F|  |TAMS 0x0000000708200000, 0x0000000708200000| Untracked 
|   1|0x0000000708400000, 0x0000000708400000, 0x0000000708600000|  0%| F|  |TAMS 0x0000000708400000, 0x0000000708400000| Untracked 
|   2|0x0000000708600000, 0x0000000708600000, 0x0000000708800000|  0%| F|  |TAMS 0x0000000708600000, 0x0000000708600000| Untracked 
|   3|0x0000000708800000, 0x0000000708800000, 0x0000000708a00000|  0%| F|  |TAMS 0x0000000708800000, 0x0000000708800000| Untracked 
|   4|0x0000000708a00000, 0x0000000708a00000, 0x0000000708c00000|  0%| F|  |TAMS 0x0000000708a00000, 0x0000000708a00000| Untracked 
|   5|0x0000000708c00000, 0x0000000708c00000, 0x0000000708e00000|  0%| F|  |TAMS 0x0000000708c00000, 0x0000000708c00000| Untracked 
|   6|0x0000000708e00000, 0x0000000708e00000, 0x0000000709000000|  0%| F|  |TAMS 0x0000000708e00000, 0x0000000708e00000| Untracked 
|   7|0x0000000709000000, 0x0000000709000000, 0x0000000709200000|  0%| F|  |TAMS 0x0000000709000000, 0x0000000709000000| Untracked 
|   8|0x0000000709200000, 0x0000000709200000, 0x0000000709400000|  0%| F|  |TAMS 0x0000000709200000, 0x0000000709200000| Untracked 
|   9|0x0000000709400000, 0x0000000709400000, 0x0000000709600000|  0%| F|  |TAMS 0x0000000709400000, 0x0000000709400000| Untracked 
|  10|0x0000000709600000, 0x0000000709600000, 0x0000000709800000|  0%| F|  |TAMS 0x0000000709600000, 0x0000000709600000| Untracked 
|  11|0x0000000709800000, 0x0000000709800000, 0x0000000709a00000|  0%| F|  |TAMS 0x0000000709800000, 0x0000000709800000| Untracked 
|  12|0x0000000709a00000, 0x0000000709a00000, 0x0000000709c00000|  0%| F|  |TAMS 0x0000000709a00000, 0x0000000709a00000| Untracked 
|  13|0x0000000709c00000, 0x0000000709c00000, 0x0000000709e00000|  0%| F|  |TAMS 0x0000000709c00000, 0x0000000709c00000| Untracked 
|  14|0x0000000709e00000, 0x0000000709e00000, 0x000000070a000000|  0%| F|  |TAMS 0x0000000709e00000, 0x0000000709e00000| Untracked 
|  15|0x000000070a000000, 0x000000070a000000, 0x000000070a200000|  0%| F|  |TAMS 0x000000070a000000, 0x000000070a000000| Untracked 
|  16|0x000000070a200000, 0x000000070a200000, 0x000000070a400000|  0%| F|  |TAMS 0x000000070a200000, 0x000000070a200000| Untracked 
|  17|0x000000070a400000, 0x000000070a400000, 0x000000070a600000|  0%| F|  |TAMS 0x000000070a400000, 0x000000070a400000| Untracked 
|  18|0x000000070a600000, 0x000000070a600000, 0x000000070a800000|  0%| F|  |TAMS 0x000000070a600000, 0x000000070a600000| Untracked 
|  19|0x000000070a800000, 0x000000070a800000, 0x000000070aa00000|  0%| F|  |TAMS 0x000000070a800000, 0x000000070a800000| Untracked 
|  20|0x000000070aa00000, 0x000000070aa00000, 0x000000070ac00000|  0%| F|  |TAMS 0x000000070aa00000, 0x000000070aa00000| Untracked 
|  21|0x000000070ac00000, 0x000000070ac00000, 0x000000070ae00000|  0%| F|  |TAMS 0x000000070ac00000, 0x000000070ac00000| Untracked 
|  22|0x000000070ae00000, 0x000000070ae00000, 0x000000070b000000|  0%| F|  |TAMS 0x000000070ae00000, 0x000000070ae00000| Untracked 
|  23|0x000000070b000000, 0x000000070b000000, 0x000000070b200000|  0%| F|  |TAMS 0x000000070b000000, 0x000000070b000000| Untracked 
|  24|0x000000070b200000, 0x000000070b200000, 0x000000070b400000|  0%| F|  |TAMS 0x000000070b200000, 0x000000070b200000| Untracked 
|  25|0x000000070b400000, 0x000000070b400000, 0x000000070b600000|  0%| F|  |TAMS 0x000000070b400000, 0x000000070b400000| Untracked 
|  26|0x000000070b600000, 0x000000070b600000, 0x000000070b800000|  0%| F|  |TAMS 0x000000070b600000, 0x000000070b600000| Untracked 
|  27|0x000000070b800000, 0x000000070b800000, 0x000000070ba00000|  0%| F|  |TAMS 0x000000070b800000, 0x000000070b800000| Untracked 
|  28|0x000000070ba00000, 0x000000070ba00000, 0x000000070bc00000|  0%| F|  |TAMS 0x000000070ba00000, 0x000000070ba00000| Untracked 
|  29|0x000000070bc00000, 0x000000070bc00000, 0x000000070be00000|  0%| F|  |TAMS 0x000000070bc00000, 0x000000070bc00000| Untracked 
|  30|0x000000070be00000, 0x000000070be00000, 0x000000070c000000|  0%| F|  |TAMS 0x000000070be00000, 0x000000070be00000| Untracked 
|  31|0x000000070c000000, 0x000000070c000000, 0x000000070c200000|  0%| F|  |TAMS 0x000000070c000000, 0x000000070c000000| Untracked 
|  32|0x000000070c200000, 0x000000070c200000, 0x000000070c400000|  0%| F|  |TAMS 0x000000070c200000, 0x000000070c200000| Untracked 
|  33|0x000000070c400000, 0x000000070c400000, 0x000000070c600000|  0%| F|  |TAMS 0x000000070c400000, 0x000000070c400000| Untracked 
|  34|0x000000070c600000, 0x000000070c600000, 0x000000070c800000|  0%| F|  |TAMS 0x000000070c600000, 0x000000070c600000| Untracked 
|  35|0x000000070c800000, 0x000000070c800000, 0x000000070ca00000|  0%| F|  |TAMS 0x000000070c800000, 0x000000070c800000| Untracked 
|  36|0x000000070ca00000, 0x000000070ca00000, 0x000000070cc00000|  0%| F|  |TAMS 0x000000070ca00000, 0x000000070ca00000| Untracked 
|  37|0x000000070cc00000, 0x000000070cc00000, 0x000000070ce00000|  0%| F|  |TAMS 0x000000070cc00000, 0x000000070cc00000| Untracked 
|  38|0x000000070ce00000, 0x000000070ce00000, 0x000000070d000000|  0%| F|  |TAMS 0x000000070ce00000, 0x000000070ce00000| Untracked 
|  39|0x000000070d000000, 0x000000070d000000, 0x000000070d200000|  0%| F|  |TAMS 0x000000070d000000, 0x000000070d000000| Untracked 
|  40|0x000000070d200000, 0x000000070d200000, 0x000000070d400000|  0%| F|  |TAMS 0x000000070d200000, 0x000000070d200000| Untracked 
|  41|0x000000070d400000, 0x000000070d400000, 0x000000070d600000|  0%| F|  |TAMS 0x000000070d400000, 0x000000070d400000| Untracked 
|  42|0x000000070d600000, 0x000000070d600000, 0x000000070d800000|  0%| F|  |TAMS 0x000000070d600000, 0x000000070d600000| Untracked 
|  43|0x000000070d800000, 0x000000070d800000, 0x000000070da00000|  0%| F|  |TAMS 0x000000070d800000, 0x000000070d800000| Untracked 
|  44|0x000000070da00000, 0x000000070da00000, 0x000000070dc00000|  0%| F|  |TAMS 0x000000070da00000, 0x000000070da00000| Untracked 
|  45|0x000000070dc00000, 0x000000070dc00000, 0x000000070de00000|  0%| F|  |TAMS 0x000000070dc00000, 0x000000070dc00000| Untracked 
|  46|0x000000070de00000, 0x000000070de00000, 0x000000070e000000|  0%| F|  |TAMS 0x000000070de00000, 0x000000070de00000| Untracked 
|  47|0x000000070e000000, 0x000000070e000000, 0x000000070e200000|  0%| F|  |TAMS 0x000000070e000000, 0x000000070e000000| Untracked 
|  48|0x000000070e200000, 0x000000070e200000, 0x000000070e400000|  0%| F|  |TAMS 0x000000070e200000, 0x000000070e200000| Untracked 
|  49|0x000000070e400000, 0x000000070e400000, 0x000000070e600000|  0%| F|  |TAMS 0x000000070e400000, 0x000000070e400000| Untracked 
|  50|0x000000070e600000, 0x000000070e600000, 0x000000070e800000|  0%| F|  |TAMS 0x000000070e600000, 0x000000070e600000| Untracked 
|  51|0x000000070e800000, 0x000000070e800000, 0x000000070ea00000|  0%| F|  |TAMS 0x000000070e800000, 0x000000070e800000| Untracked 
|  52|0x000000070ea00000, 0x000000070ea00000, 0x000000070ec00000|  0%| F|  |TAMS 0x000000070ea00000, 0x000000070ea00000| Untracked 
|  53|0x000000070ec00000, 0x000000070ec00000, 0x000000070ee00000|  0%| F|  |TAMS 0x000000070ec00000, 0x000000070ec00000| Untracked 
|  54|0x000000070ee00000, 0x000000070ee00000, 0x000000070f000000|  0%| F|  |TAMS 0x000000070ee00000, 0x000000070ee00000| Untracked 
|  55|0x000000070f000000, 0x000000070f000000, 0x000000070f200000|  0%| F|  |TAMS 0x000000070f000000, 0x000000070f000000| Untracked 
|  56|0x000000070f200000, 0x000000070f200000, 0x000000070f400000|  0%| F|  |TAMS 0x000000070f200000, 0x000000070f200000| Untracked 
|  57|0x000000070f400000, 0x000000070f400000, 0x000000070f600000|  0%| F|  |TAMS 0x000000070f400000, 0x000000070f400000| Untracked 
|  58|0x000000070f600000, 0x000000070f600000, 0x000000070f800000|  0%| F|  |TAMS 0x000000070f600000, 0x000000070f600000| Untracked 
|  59|0x000000070f800000, 0x000000070f800000, 0x000000070fa00000|  0%| F|  |TAMS 0x000000070f800000, 0x000000070f800000| Untracked 
|  60|0x000000070fa00000, 0x000000070fa00000, 0x000000070fc00000|  0%| F|  |TAMS 0x000000070fa00000, 0x000000070fa00000| Untracked 
|  61|0x000000070fc00000, 0x000000070fc00000, 0x000000070fe00000|  0%| F|  |TAMS 0x000000070fc00000, 0x000000070fc00000| Untracked 
|  62|0x000000070fe00000, 0x000000070fe00000, 0x0000000710000000|  0%| F|  |TAMS 0x000000070fe00000, 0x000000070fe00000| Untracked 
|  63|0x0000000710000000, 0x0000000710000000, 0x0000000710200000|  0%| F|  |TAMS 0x0000000710000000, 0x0000000710000000| Untracked 
|  64|0x0000000710200000, 0x0000000710200000, 0x0000000710400000|  0%| F|  |TAMS 0x0000000710200000, 0x0000000710200000| Untracked 
|  65|0x0000000710400000, 0x0000000710400000, 0x0000000710600000|  0%| F|  |TAMS 0x0000000710400000, 0x0000000710400000| Untracked 
|  66|0x0000000710600000, 0x0000000710600000, 0x0000000710800000|  0%| F|  |TAMS 0x0000000710600000, 0x0000000710600000| Untracked 
|  67|0x0000000710800000, 0x0000000710800000, 0x0000000710a00000|  0%| F|  |TAMS 0x0000000710800000, 0x0000000710800000| Untracked 
|  68|0x0000000710a00000, 0x0000000710a00000, 0x0000000710c00000|  0%| F|  |TAMS 0x0000000710a00000, 0x0000000710a00000| Untracked 
|  69|0x0000000710c00000, 0x0000000710c00000, 0x0000000710e00000|  0%| F|  |TAMS 0x0000000710c00000, 0x0000000710c00000| Untracked 
|  70|0x0000000710e00000, 0x0000000710e00000, 0x0000000711000000|  0%| F|  |TAMS 0x0000000710e00000, 0x0000000710e00000| Untracked 
|  71|0x0000000711000000, 0x0000000711000000, 0x0000000711200000|  0%| F|  |TAMS 0x0000000711000000, 0x0000000711000000| Untracked 
|  72|0x0000000711200000, 0x0000000711200000, 0x0000000711400000|  0%| F|  |TAMS 0x0000000711200000, 0x0000000711200000| Untracked 
|  73|0x0000000711400000, 0x0000000711400000, 0x0000000711600000|  0%| F|  |TAMS 0x0000000711400000, 0x0000000711400000| Untracked 
|  74|0x0000000711600000, 0x0000000711600000, 0x0000000711800000|  0%| F|  |TAMS 0x0000000711600000, 0x0000000711600000| Untracked 
|  75|0x0000000711800000, 0x0000000711800000, 0x0000000711a00000|  0%| F|  |TAMS 0x0000000711800000, 0x0000000711800000| Untracked 
|  76|0x0000000711a00000, 0x0000000711a00000, 0x0000000711c00000|  0%| F|  |TAMS 0x0000000711a00000, 0x0000000711a00000| Untracked 
|  77|0x0000000711c00000, 0x0000000711c00000, 0x0000000711e00000|  0%| F|  |TAMS 0x0000000711c00000, 0x0000000711c00000| Untracked 
|  78|0x0000000711e00000, 0x0000000711e00000, 0x0000000712000000|  0%| F|  |TAMS 0x0000000711e00000, 0x0000000711e00000| Untracked 
|  79|0x0000000712000000, 0x0000000712000000, 0x0000000712200000|  0%| F|  |TAMS 0x0000000712000000, 0x0000000712000000| Untracked 
|  80|0x0000000712200000, 0x0000000712200000, 0x0000000712400000|  0%| F|  |TAMS 0x0000000712200000, 0x0000000712200000| Untracked 
|  81|0x0000000712400000, 0x0000000712400000, 0x0000000712600000|  0%| F|  |TAMS 0x0000000712400000, 0x0000000712400000| Untracked 
|  82|0x0000000712600000, 0x0000000712600000, 0x0000000712800000|  0%| F|  |TAMS 0x0000000712600000, 0x0000000712600000| Untracked 
|  83|0x0000000712800000, 0x0000000712800000, 0x0000000712a00000|  0%| F|  |TAMS 0x0000000712800000, 0x0000000712800000| Untracked 
|  84|0x0000000712a00000, 0x0000000712a00000, 0x0000000712c00000|  0%| F|  |TAMS 0x0000000712a00000, 0x0000000712a00000| Untracked 
|  85|0x0000000712c00000, 0x0000000712c00000, 0x0000000712e00000|  0%| F|  |TAMS 0x0000000712c00000, 0x0000000712c00000| Untracked 
|  86|0x0000000712e00000, 0x0000000712e00000, 0x0000000713000000|  0%| F|  |TAMS 0x0000000712e00000, 0x0000000712e00000| Untracked 
|  87|0x0000000713000000, 0x0000000713000000, 0x0000000713200000|  0%| F|  |TAMS 0x0000000713000000, 0x0000000713000000| Untracked 
|  88|0x0000000713200000, 0x0000000713200000, 0x0000000713400000|  0%| F|  |TAMS 0x0000000713200000, 0x0000000713200000| Untracked 
|  89|0x0000000713400000, 0x0000000713400000, 0x0000000713600000|  0%| F|  |TAMS 0x0000000713400000, 0x0000000713400000| Untracked 
|  90|0x0000000713600000, 0x0000000713600000, 0x0000000713800000|  0%| F|  |TAMS 0x0000000713600000, 0x0000000713600000| Untracked 
|  91|0x0000000713800000, 0x0000000713800000, 0x0000000713a00000|  0%| F|  |TAMS 0x0000000713800000, 0x0000000713800000| Untracked 
|  92|0x0000000713a00000, 0x0000000713a00000, 0x0000000713c00000|  0%| F|  |TAMS 0x0000000713a00000, 0x0000000713a00000| Untracked 
|  93|0x0000000713c00000, 0x0000000713c00000, 0x0000000713e00000|  0%| F|  |TAMS 0x0000000713c00000, 0x0000000713c00000| Untracked 
|  94|0x0000000713e00000, 0x0000000713e00000, 0x0000000714000000|  0%| F|  |TAMS 0x0000000713e00000, 0x0000000713e00000| Untracked 
|  95|0x0000000714000000, 0x0000000714000000, 0x0000000714200000|  0%| F|  |TAMS 0x0000000714000000, 0x0000000714000000| Untracked 
|  96|0x0000000714200000, 0x0000000714200000, 0x0000000714400000|  0%| F|  |TAMS 0x0000000714200000, 0x0000000714200000| Untracked 
|  97|0x0000000714400000, 0x0000000714400000, 0x0000000714600000|  0%| F|  |TAMS 0x0000000714400000, 0x0000000714400000| Untracked 
|  98|0x0000000714600000, 0x0000000714600000, 0x0000000714800000|  0%| F|  |TAMS 0x0000000714600000, 0x0000000714600000| Untracked 
|  99|0x0000000714800000, 0x0000000714800000, 0x0000000714a00000|  0%| F|  |TAMS 0x0000000714800000, 0x0000000714800000| Untracked 
| 100|0x0000000714a00000, 0x0000000714a00000, 0x0000000714c00000|  0%| F|  |TAMS 0x0000000714a00000, 0x0000000714a00000| Untracked 
| 101|0x0000000714c00000, 0x0000000714c00000, 0x0000000714e00000|  0%| F|  |TAMS 0x0000000714c00000, 0x0000000714c00000| Untracked 
| 102|0x0000000714e00000, 0x0000000714e00000, 0x0000000715000000|  0%| F|  |TAMS 0x0000000714e00000, 0x0000000714e00000| Untracked 
| 103|0x0000000715000000, 0x0000000715000000, 0x0000000715200000|  0%| F|  |TAMS 0x0000000715000000, 0x0000000715000000| Untracked 
| 104|0x0000000715200000, 0x0000000715200000, 0x0000000715400000|  0%| F|  |TAMS 0x0000000715200000, 0x0000000715200000| Untracked 
| 105|0x0000000715400000, 0x0000000715400000, 0x0000000715600000|  0%| F|  |TAMS 0x0000000715400000, 0x0000000715400000| Untracked 
| 106|0x0000000715600000, 0x0000000715600000, 0x0000000715800000|  0%| F|  |TAMS 0x0000000715600000, 0x0000000715600000| Untracked 
| 107|0x0000000715800000, 0x0000000715800000, 0x0000000715a00000|  0%| F|  |TAMS 0x0000000715800000, 0x0000000715800000| Untracked 
| 108|0x0000000715a00000, 0x0000000715a00000, 0x0000000715c00000|  0%| F|  |TAMS 0x0000000715a00000, 0x0000000715a00000| Untracked 
| 109|0x0000000715c00000, 0x0000000715c00000, 0x0000000715e00000|  0%| F|  |TAMS 0x0000000715c00000, 0x0000000715c00000| Untracked 
| 110|0x0000000715e00000, 0x0000000715e00000, 0x0000000716000000|  0%| F|  |TAMS 0x0000000715e00000, 0x0000000715e00000| Untracked 
| 111|0x0000000716000000, 0x0000000716000000, 0x0000000716200000|  0%| F|  |TAMS 0x0000000716000000, 0x0000000716000000| Untracked 
| 112|0x0000000716200000, 0x0000000716200000, 0x0000000716400000|  0%| F|  |TAMS 0x0000000716200000, 0x0000000716200000| Untracked 
| 113|0x0000000716400000, 0x00000007164f1240, 0x0000000716600000| 47%| E|  |TAMS 0x0000000716400000, 0x0000000716400000| Complete 
| 114|0x0000000716600000, 0x0000000716800000, 0x0000000716800000|100%| E|CS|TAMS 0x0000000716600000, 0x0000000716600000| Complete 
| 115|0x0000000716800000, 0x0000000716a00000, 0x0000000716a00000|100%| E|CS|TAMS 0x0000000716800000, 0x0000000716800000| Complete 
| 116|0x0000000716a00000, 0x0000000716c00000, 0x0000000716c00000|100%| E|CS|TAMS 0x0000000716a00000, 0x0000000716a00000| Complete 
| 117|0x0000000716c00000, 0x0000000716e00000, 0x0000000716e00000|100%| E|CS|TAMS 0x0000000716c00000, 0x0000000716c00000| Complete 
| 118|0x0000000716e00000, 0x0000000717000000, 0x0000000717000000|100%| E|CS|TAMS 0x0000000716e00000, 0x0000000716e00000| Complete 
| 119|0x0000000717000000, 0x0000000717200000, 0x0000000717200000|100%| E|CS|TAMS 0x0000000717000000, 0x0000000717000000| Complete 
| 120|0x0000000717200000, 0x0000000717400000, 0x0000000717400000|100%| E|CS|TAMS 0x0000000717200000, 0x0000000717200000| Complete 
| 121|0x0000000717400000, 0x0000000717600000, 0x0000000717600000|100%| E|CS|TAMS 0x0000000717400000, 0x0000000717400000| Complete 
| 122|0x0000000717600000, 0x0000000717800000, 0x0000000717800000|100%| E|CS|TAMS 0x0000000717600000, 0x0000000717600000| Complete 
| 123|0x0000000717800000, 0x0000000717a00000, 0x0000000717a00000|100%| E|CS|TAMS 0x0000000717800000, 0x0000000717800000| Complete 

Card table byte_map: [0x00007f0bdd1f7000,0x00007f0bdd9b6000] _byte_map_base: 0x00007f0bd99b6000

Marking Bits (Prev, Next): (CMBitMap*) 0x00007f0bf00766b0, (CMBitMap*) 0x00007f0bf00766f0
 Prev Bits: [0x00007f0bd8c40000, 0x00007f0bdca38000)
 Next Bits: [0x00007f0bd4e48000, 0x00007f0bd8c40000)

Polling page: 0x00007f0bf7a5b000

Metaspace:

Usage:
  Non-class:     11,42 MB used.
      Class:      1,14 MB used.
       Both:     12,56 MB used.

Virtual space:
  Non-class space:       16,00 MB reserved,      11,50 MB ( 72%) committed,  2 nodes.
      Class space:        1,00 GB reserved,       1,19 MB ( <1%) committed,  1 nodes.
             Both:        1,02 GB reserved,      12,69 MB (  1%) committed. 

Chunk freelists:
   Non-Class:  480,00 KB
       Class:  2,84 MB
        Both:  3,31 MB

MaxMetaspaceSize: unlimited
CompressedClassSpaceSize: 1,00 GB
Initial GC threshold: 21,00 MB
Current GC threshold: 21,00 MB
CDS: off
MetaspaceReclaimPolicy: balanced
 - commit_granule_bytes: 65536.
 - commit_granule_words: 8192.
 - virtual_space_node_default_size: 1048576.
 - enlarge_chunks_in_place: 1.
 - new_chunks_are_fully_committed: 0.
 - uncommit_free_chunks: 1.
 - use_allocation_guard: 0.
 - handle_deallocations: 1.


Internal statistics:

num_allocs_failed_limit: 0.
num_arena_births: 22.
num_arena_deaths: 0.
num_vsnodes_births: 3.
num_vsnodes_deaths: 0.
num_space_committed: 203.
num_space_uncommitted: 0.
num_chunks_returned_to_freelist: 0.
num_chunks_taken_from_freelist: 124.
num_chunk_merges: 0.
num_chunk_splits: 65.
num_chunks_enlarged: 48.
num_purges: 0.
num_inconsistent_stats: 0.

CodeHeap 'non-profiled nmethods': size=120028Kb used=326Kb max_used=326Kb free=119701Kb
 bounds [0x00007f0be547f000, 0x00007f0be56ef000, 0x00007f0bec9b6000]
CodeHeap 'profiled nmethods': size=120028Kb used=1750Kb max_used=1750Kb free=118277Kb
 bounds [0x00007f0bddf48000, 0x00007f0bde1b8000, 0x00007f0be547f000]
CodeHeap 'non-nmethods': size=5704Kb used=1204Kb max_used=1238Kb free=4500Kb
 bounds [0x00007f0bdd9b6000, 0x00007f0bddc26000, 0x00007f0bddf48000]
 total_blobs=1289 nmethods=847 adapters=356
 compilation: enabled
              stopped_count=0, restarted_count=0
 full_count=0

Compilation events (20 events):
Event: 3,011 Thread 0x00007f0ba40faff0  838       4       org.hipparchus.linear.MatrixUtils::checkColumnIndex (58 bytes)
Event: 3,011 Thread 0x00007f0bf01fd030  839       4       org.hipparchus.linear.MatrixUtils::checkRowIndex (58 bytes)
Event: 3,013 Thread 0x00007f0bf01fd030 nmethod 839 0x00007f0be54cf890 code [0x00007f0be54cfa20, 0x00007f0be54cfb18]
Event: 3,014 Thread 0x00007f0ba40faff0 nmethod 838 0x00007f0be54cfc90 code [0x00007f0be54cfe20, 0x00007f0be54cff38]
Event: 3,221 Thread 0x00007f0bf01fe510  840       3       java.lang.ref.Reference::refersTo (6 bytes)
Event: 3,221 Thread 0x00007f0bf01fe510 nmethod 840 0x00007f0bde0fc210 code [0x00007f0bde0fc3c0, 0x00007f0bde0fc5a0]
Event: 3,221 Thread 0x00007f0bf01fe510  841       3       java.lang.ref.Reference::refersToImpl (6 bytes)
Event: 3,221 Thread 0x00007f0bf01fe510 nmethod 841 0x00007f0bde0fc690 code [0x00007f0bde0fc840, 0x00007f0bde0fc980]
Event: 791,413 Thread 0x00007f0bf01fe510  843  s    1       java.lang.StringBuffer::length (5 bytes)
Event: 791,413 Thread 0x00007f0bf01fe510 nmethod 843 0x00007f0be54d0510 code [0x00007f0be54d06a0, 0x00007f0be54d0810]
Event: 791,415 Thread 0x00007f0bf01fd030  844       4       java.lang.String::isEmpty (14 bytes)
Event: 791,415 Thread 0x00007f0bf01fe510  845       3       java.lang.Long::numberOfTrailingZeros (26 bytes)
Event: 791,415 Thread 0x00007f0bf01fe510 nmethod 845 0x00007f0bde0fca10 code [0x00007f0bde0fcbc0, 0x00007f0bde0fcd90]
Event: 791,416 Thread 0x00007f0bf01fd030 nmethod 844 0x00007f0be54d0890 code [0x00007f0be54d0a20, 0x00007f0be54d0ab8]
Event: 791,418 Thread 0x00007f0bf01fe510  846  s    3       java.lang.StringBuffer::append (13 bytes)
Event: 791,419 Thread 0x00007f0bf01fe510 nmethod 846 0x00007f0bde0fce90 code [0x00007f0bde0fd040, 0x00007f0bde0fd260]
Event: 796,613 Thread 0x00007f0bf01fe510  847       3       java.lang.AbstractStringBuilder::putStringAt (12 bytes)
Event: 796,613 Thread 0x00007f0bf01fe510 nmethod 847 0x00007f0bde0fd310 code [0x00007f0bde0fd4c0, 0x00007f0bde0fd740]
Event: 920,558 Thread 0x00007f0bf01fd030  848       4       org.eclipse.jdt.launching.internal.org.objectweb.asm.ClassReader::readUtf (161 bytes)
Event: 920,582 Thread 0x00007f0bf01fd030 


GC Heap History (0 events):
No events

Deoptimization events (20 events):
Event: 920,520 Thread 0x00007f0bf0026f10 Uncommon trap: trap_request=0xffffff45 fr.pc=0x00007f0be54c5df8 relative=0x0000000000000bf8
Event: 920,520 Thread 0x00007f0bf0026f10 Uncommon trap: reason=unstable_if action=reinterpret pc=0x00007f0be54c5df8 method=jdk.internal.math.FDBigInteger.leftShift(I)Ljdk/internal/math/FDBigInteger; @ 173 c2
Event: 920,520 Thread 0x00007f0bf0026f10 DEOPT PACKING pc=0x00007f0be54c5df8 sp=0x00007f0bf5e78460
Event: 920,521 Thread 0x00007f0bf0026f10 DEOPT UNPACKING pc=0x00007f0bdda08099 sp=0x00007f0bf5e78430 mode 2
Event: 920,521 Thread 0x00007f0bf0026f10 Uncommon trap: trap_request=0xffffffbe fr.pc=0x00007f0be54c9e88 relative=0x0000000000000368
Event: 920,521 Thread 0x00007f0bf0026f10 Uncommon trap: reason=profile_predicate action=maybe_recompile pc=0x00007f0be54c9e88 method=jdk.internal.math.FDBigInteger.cmp(Ljdk/internal/math/FDBigInteger;)I @ 48 c2
Event: 920,521 Thread 0x00007f0bf0026f10 DEOPT PACKING pc=0x00007f0be54c9e88 sp=0x00007f0bf5e78490
Event: 920,521 Thread 0x00007f0bf0026f10 DEOPT UNPACKING pc=0x00007f0bdda08099 sp=0x00007f0bf5e78440 mode 2
Event: 920,521 Thread 0x00007f0bf0026f10 Uncommon trap: trap_request=0xffffffbe fr.pc=0x00007f0be54c9e88 relative=0x0000000000000368
Event: 920,521 Thread 0x00007f0bf0026f10 Uncommon trap: reason=profile_predicate action=maybe_recompile pc=0x00007f0be54c9e88 method=jdk.internal.math.FDBigInteger.cmp(Ljdk/internal/math/FDBigInteger;)I @ 48 c2
Event: 920,521 Thread 0x00007f0bf0026f10 DEOPT PACKING pc=0x00007f0be54c9e88 sp=0x00007f0bf5e78490
Event: 920,521 Thread 0x00007f0bf0026f10 DEOPT UNPACKING pc=0x00007f0bdda08099 sp=0x00007f0bf5e78440 mode 2
Event: 920,521 Thread 0x00007f0bf0026f10 Uncommon trap: trap_request=0xffffffbe fr.pc=0x00007f0be54c9e88 relative=0x0000000000000368
Event: 920,521 Thread 0x00007f0bf0026f10 Uncommon trap: reason=profile_predicate action=maybe_recompile pc=0x00007f0be54c9e88 method=jdk.internal.math.FDBigInteger.cmp(Ljdk/internal/math/FDBigInteger;)I @ 48 c2
Event: 920,521 Thread 0x00007f0bf0026f10 DEOPT PACKING pc=0x00007f0be54c9e88 sp=0x00007f0bf5e78490
Event: 920,521 Thread 0x00007f0bf0026f10 DEOPT UNPACKING pc=0x00007f0bdda08099 sp=0x00007f0bf5e78440 mode 2
Event: 920,521 Thread 0x00007f0bf0026f10 Uncommon trap: trap_request=0xffffffbe fr.pc=0x00007f0be54c9e88 relative=0x0000000000000368
Event: 920,521 Thread 0x00007f0bf0026f10 Uncommon trap: reason=profile_predicate action=maybe_recompile pc=0x00007f0be54c9e88 method=jdk.internal.math.FDBigInteger.cmp(Ljdk/internal/math/FDBigInteger;)I @ 48 c2
Event: 920,521 Thread 0x00007f0bf0026f10 DEOPT PACKING pc=0x00007f0be54c9e88 sp=0x00007f0bf5e78490
Event: 920,521 Thread 0x00007f0bf0026f10 DEOPT UNPACKING pc=0x00007f0bdda08099 sp=0x00007f0bf5e78440 mode 2

Classes unloaded (0 events):
No events

Classes redefined (1 events):
Event: 920,561 Thread 0x00007f0bf0182e30 redefined class name=org.hipparchus.filtering.kalman.unscented.UnscentedKalmanFilter, count=1

Internal exceptions (6 events):
Event: 0,423 Thread 0x00007f0bf0026f10 Exception <a 'java/lang/NoSuchMethodError'{0x000000071729ad18}: 'java.lang.Object java.lang.invoke.DirectMethodHandle$Holder.invokeStaticInit(java.lang.Object)'> (0x000000071729ad18) 
thrown [src/hotspot/share/interpreter/linkResolver.cpp, line 766]
Event: 0,428 Thread 0x00007f0bf0026f10 Exception <a 'java/lang/NoSuchMethodError'{0x00000007172c4858}: 'void java.lang.invoke.DirectMethodHandle$Holder.invokeStatic(java.lang.Object, java.lang.Object)'> (0x00000007172c4858) 
thrown [src/hotspot/share/interpreter/linkResolver.cpp, line 766]
Event: 0,508 Thread 0x00007f0bf0026f10 Exception <a 'java/lang/NoSuchMethodError'{0x0000000716f74690}: 'java.lang.Object java.lang.invoke.DirectMethodHandle$Holder.invokeInterface(java.lang.Object, java.lang.Object)'> (0x0000000716f74690) 
thrown [src/hotspot/share/interpreter/linkResolver.cpp, line 766]
Event: 0,509 Thread 0x00007f0bf0026f10 Exception <a 'java/lang/IncompatibleClassChangeError'{0x0000000716f77e88}: Found class java.lang.Object, but interface was expected> (0x0000000716f77e88) 
thrown [src/hotspot/share/interpreter/linkResolver.cpp, line 833]
Event: 0,522 Thread 0x00007f0bf0026f10 Exception <a 'java/lang/NoSuchMethodError'{0x0000000716c37328}: 'java.lang.Object java.lang.invoke.DirectMethodHandle$Holder.newInvokeSpecial(java.lang.Object, java.lang.Object, java.lang.Object, java.lang.Object, java.lang.Object)'> (0x0000000716c37328) 
thrown [src/hotspot/share/interpreter/linkResolver.cpp, line 766]
Event: 0,682 Thread 0x00007f0bf0026f10 Exception <a 'java/lang/NoSuchMethodError'{0x0000000716434fe8}: 'void java.lang.invoke.DirectMethodHandle$Holder.invokeStatic(java.lang.Object, java.lang.Object, java.lang.Object)'> (0x0000000716434fe8) 
thrown [src/hotspot/share/interpreter/linkResolver.cpp, line 766]

VM Operations (20 events):
Event: 920,523 Executing VM operation: get/set locals
Event: 920,524 Executing VM operation: get/set locals done
Event: 920,529 Executing VM operation: get/set locals
Event: 920,529 Executing VM operation: get/set locals done
Event: 920,530 Executing VM operation: get/set locals
Event: 920,530 Executing VM operation: get/set locals done
Event: 920,531 Executing VM operation: get/set locals
Event: 920,531 Executing VM operation: get/set locals done
Event: 920,559 Executing VM operation: RedefineClasses
Event: 920,565 Executing VM operation: RedefineClasses done
Event: 920,570 Executing VM operation: ChangeBreakpoints
Event: 920,570 Executing VM operation: ChangeBreakpoints done
Event: 920,575 Executing VM operation: ChangeBreakpoints
Event: 920,575 Executing VM operation: ChangeBreakpoints done
Event: 920,580 Executing VM operation: ChangeBreakpoints
Event: 920,581 Executing VM operation: ChangeBreakpoints done
Event: 920,586 Executing VM operation: ChangeBreakpoints
Event: 920,586 Executing VM operation: ChangeBreakpoints done
Event: 920,591 Executing VM operation: ChangeBreakpoints
Event: 920,591 Executing VM operation: ChangeBreakpoints done

Events (20 events):
Event: 0,689 loading class java/lang/StrictMath
Event: 0,689 loading class java/lang/StrictMath done
Event: 3,011 Thread 0x00007f0b982ba3a0 Thread exited: 0x00007f0b982ba3a0
Event: 3,220 loading class java/text/DontCareFieldPosition
Event: 3,220 loading class java/text/DontCareFieldPosition done
Event: 3,220 loading class java/text/DontCareFieldPosition$1
Event: 3,221 loading class java/text/Format$FieldDelegate
Event: 3,221 loading class java/text/Format$FieldDelegate done
Event: 3,221 loading class java/text/DontCareFieldPosition$1 done
Event: 3,221 loading class java/text/FieldPosition$Delegate
Event: 3,221 loading class java/text/FieldPosition$Delegate done
Event: 3,221 Thread 0x00007f0ba40faff0 Thread exited: 0x00007f0ba40faff0
Event: 3,221 loading class java/text/DigitList$1
Event: 3,221 loading class java/text/DigitList$1 done
Event: 3,221 loading class java/text/NumberFormat$Field
Event: 3,221 loading class java/text/Format$Field
Event: 3,221 loading class java/text/AttributedCharacterIterator$Attribute
Event: 3,221 loading class java/text/AttributedCharacterIterator$Attribute done
Event: 3,221 loading class java/text/Format$Field done
Event: 3,221 loading class java/text/NumberFormat$Field done


Dynamic libraries:
708200000-717a00000 rw-p 00000000 00:00 0 
717a00000-800000000 ---p 00000000 00:00 0 
800000000-800020000 rw-p 00000000 00:00 0 
800020000-800040000 rw-p 00000000 00:00 0 
800040000-800100000 rw-p 00000000 00:00 0 
800100000-800130000 rw-p 00000000 00:00 0 
800130000-840000000 ---p 00000000 00:00 0 
55cabf000000-55cabf001000 r-xp 00000000 103:05 4326553                   /home/gpierre/Documents/eclipse/plugins/org.eclipse.justj.openjdk.hotspot.jre.full.linux.x86_64_17.0.2.v20220201-1208/jre/bin/java
55cabf201000-55cabf202000 r--p 00001000 103:05 4326553                   /home/gpierre/Documents/eclipse/plugins/org.eclipse.justj.openjdk.hotspot.jre.full.linux.x86_64_17.0.2.v20220201-1208/jre/bin/java
55cabf202000-55cabf203000 rw-p 00002000 103:05 4326553                   /home/gpierre/Documents/eclipse/plugins/org.eclipse.justj.openjdk.hotspot.jre.full.linux.x86_64_17.0.2.v20220201-1208/jre/bin/java
55cabf8a5000-55cabf8c6000 rw-p 00000000 00:00 0                          [heap]
7f0b70000000-7f0b70021000 rw-p 00000000 00:00 0 
7f0b70021000-7f0b74000000 ---p 00000000 00:00 0 
7f0b74000000-7f0b7402a000 rw-p 00000000 00:00 0 
7f0b7402a000-7f0b78000000 ---p 00000000 00:00 0 
7f0b78000000-7f0b78021000 rw-p 00000000 00:00 0 
7f0b78021000-7f0b7c000000 ---p 00000000 00:00 0 
7f0b7c000000-7f0b7c242000 rw-p 00000000 00:00 0 
7f0b7c242000-7f0b80000000 ---p 00000000 00:00 0 
7f0b80000000-7f0b80021000 rw-p 00000000 00:00 0 
7f0b80021000-7f0b84000000 ---p 00000000 00:00 0 
7f0b86601000-7f0b869ec000 rw-p 00000000 00:00 0 
7f0b869ec000-7f0b869f0000 ---p 00000000 00:00 0 
7f0b869f0000-7f0b86aed000 rw-p 00000000 00:00 0 
7f0b86aed000-7f0b86af1000 ---p 00000000 00:00 0 
7f0b86af1000-7f0b86bee000 rw-p 00000000 00:00 0 
7f0b86bee000-7f0b86bf0000 r-xp 00000000 103:05 4326968                   /home/gpierre/Documents/eclipse/plugins/org.eclipse.justj.openjdk.hotspot.jre.full.linux.x86_64_17.0.2.v20220201-1208/jre/lib/libextnet.so
7f0b86bf0000-7f0b86def000 ---p 00002000 103:05 4326968                   /home/gpierre/Documents/eclipse/plugins/org.eclipse.justj.openjdk.hotspot.jre.full.linux.x86_64_17.0.2.v20220201-1208/jre/lib/libextnet.so
7f0b86def000-7f0b86df0000 r--p 00001000 103:05 4326968                   /home/gpierre/Documents/eclipse/plugins/org.eclipse.justj.openjdk.hotspot.jre.full.linux.x86_64_17.0.2.v20220201-1208/jre/lib/libextnet.so
7f0b86df0000-7f0b86df1000 rw-p 00002000 103:05 4326968                   /home/gpierre/Documents/eclipse/plugins/org.eclipse.justj.openjdk.hotspot.jre.full.linux.x86_64_17.0.2.v20220201-1208/jre/lib/libextnet.so
7f0b86df1000-7f0b86dfe000 r-xp 00000000 103:05 4326933                   /home/gpierre/Documents/eclipse/plugins/org.eclipse.justj.openjdk.hotspot.jre.full.linux.x86_64_17.0.2.v20220201-1208/jre/lib/libverify.so
7f0b86dfe000-7f0b86ffd000 ---p 0000d000 103:05 4326933                   /home/gpierre/Documents/eclipse/plugins/org.eclipse.justj.openjdk.hotspot.jre.full.linux.x86_64_17.0.2.v20220201-1208/jre/lib/libverify.so
7f0b86ffd000-7f0b86fff000 r--p 0000c000 103:05 4326933                   /home/gpierre/Documents/eclipse/plugins/org.eclipse.justj.openjdk.hotspot.jre.full.linux.x86_64_17.0.2.v20220201-1208/jre/lib/libverify.so
7f0b86fff000-7f0b87000000 rw-p 0000e000 103:05 4326933                   /home/gpierre/Documents/eclipse/plugins/org.eclipse.justj.openjdk.hotspot.jre.full.linux.x86_64_17.0.2.v20220201-1208/jre/lib/libverify.so
7f0b87000000-7f0b870c0000 rw-p 00000000 00:00 0 
7f0b870c0000-7f0b87100000 rw-p 00000000 00:00 0 
7f0b87100000-7f0b87290000 rw-p 00000000 00:00 0 
7f0b87290000-7f0b87300000 ---p 00000000 00:00 0 
7f0b87300000-7f0b873f0000 rw-p 00000000 00:00 0 
7f0b873f0000-7f0b87800000 ---p 00000000 00:00 0 
7f0b878d3000-7f0b878d7000 ---p 00000000 00:00 0 
7f0b878d7000-7f0b879d4000 rw-p 00000000 00:00 0 
7f0b879d4000-7f0b879d5000 ---p 00000000 00:00 0 
7f0b879d5000-7f0b87ad6000 rw-p 00000000 00:00 0 
7f0b87ad6000-7f0b87ada000 ---p 00000000 00:00 0 
7f0b87ada000-7f0b87bd7000 rw-p 00000000 00:00 0 
7f0b87bd7000-7f0b87bec000 r-xp 00000000 103:05 4326940                   /home/gpierre/Documents/eclipse/plugins/org.eclipse.justj.openjdk.hotspot.jre.full.linux.x86_64_17.0.2.v20220201-1208/jre/lib/libnet.so
7f0b87bec000-7f0b87deb000 ---p 00015000 103:05 4326940                   /home/gpierre/Documents/eclipse/plugins/org.eclipse.justj.openjdk.hotspot.jre.full.linux.x86_64_17.0.2.v20220201-1208/jre/lib/libnet.so
7f0b87deb000-7f0b87dec000 r--p 00014000 103:05 4326940                   /home/gpierre/Documents/eclipse/plugins/org.eclipse.justj.openjdk.hotspot.jre.full.linux.x86_64_17.0.2.v20220201-1208/jre/lib/libnet.so
7f0b87dec000-7f0b87ded000 rw-p 00015000 103:05 4326940                   /home/gpierre/Documents/eclipse/plugins/org.eclipse.justj.openjdk.hotspot.jre.full.linux.x86_64_17.0.2.v20220201-1208/jre/lib/libnet.so
7f0b87ded000-7f0b87dff000 r-xp 00000000 103:05 4326934                   /home/gpierre/Documents/eclipse/plugins/org.eclipse.justj.openjdk.hotspot.jre.full.linux.x86_64_17.0.2.v20220201-1208/jre/lib/libnio.so
7f0b87dff000-7f0b87ffe000 ---p 00012000 103:05 4326934                   /home/gpierre/Documents/eclipse/plugins/org.eclipse.justj.openjdk.hotspot.jre.full.linux.x86_64_17.0.2.v20220201-1208/jre/lib/libnio.so
7f0b87ffe000-7f0b87fff000 r--p 00011000 103:05 4326934                   /home/gpierre/Documents/eclipse/plugins/org.eclipse.justj.openjdk.hotspot.jre.full.linux.x86_64_17.0.2.v20220201-1208/jre/lib/libnio.so
7f0b87fff000-7f0b88000000 rw-p 00012000 103:05 4326934                   /home/gpierre/Documents/eclipse/plugins/org.eclipse.justj.openjdk.hotspot.jre.full.linux.x86_64_17.0.2.v20220201-1208/jre/lib/libnio.so
7f0b88000000-7f0b88021000 rw-p 00000000 00:00 0 
7f0b88021000-7f0b8c000000 ---p 00000000 00:00 0 
7f0b8c000000-7f0b8c021000 rw-p 00000000 00:00 0 
7f0b8c021000-7f0b90000000 ---p 00000000 00:00 0 
7f0b90000000-7f0b90021000 rw-p 00000000 00:00 0 
7f0b90021000-7f0b94000000 ---p 00000000 00:00 0 
7f0b94000000-7f0b94063000 rw-p 00000000 00:00 0 
7f0b94063000-7f0b98000000 ---p 00000000 00:00 0 
7f0b98000000-7f0b98303000 rw-p 00000000 00:00 0 
7f0b98303000-7f0b9c000000 ---p 00000000 00:00 0 
7f0b9c000000-7f0b9c021000 rw-p 00000000 00:00 0 
7f0b9c021000-7f0ba0000000 ---p 00000000 00:00 0 
7f0ba0000000-7f0ba0021000 rw-p 00000000 00:00 0 
7f0ba0021000-7f0ba4000000 ---p 00000000 00:00 0 
7f0ba4000000-7f0ba444c000 rw-p 00000000 00:00 0 
7f0ba444c000-7f0ba8000000 ---p 00000000 00:00 0 
7f0ba8000000-7f0ba8021000 rw-p 00000000 00:00 0 
7f0ba8021000-7f0bac000000 ---p 00000000 00:00 0 
7f0bac000000-7f0bac021000 rw-p 00000000 00:00 0 
7f0bac021000-7f0bb0000000 ---p 00000000 00:00 0 
7f0bb0000000-7f0bb0021000 rw-p 00000000 00:00 0 
7f0bb0021000-7f0bb4000000 ---p 00000000 00:00 0 
7f0bb4000000-7f0bb4021000 rw-p 00000000 00:00 0 
7f0bb4021000-7f0bb8000000 ---p 00000000 00:00 0 
7f0bb8000000-7f0bb8021000 rw-p 00000000 00:00 0 
7f0bb8021000-7f0bbc000000 ---p 00000000 00:00 0 
7f0bbc000000-7f0bbc021000 rw-p 00000000 00:00 0 
7f0bbc021000-7f0bc0000000 ---p 00000000 00:00 0 
7f0bc0000000-7f0bc0021000 rw-p 00000000 00:00 0 
7f0bc0021000-7f0bc4000000 ---p 00000000 00:00 0 
7f0bc40ff000-7f0bc4103000 ---p 00000000 00:00 0 
7f0bc4103000-7f0bc4200000 rw-p 00000000 00:00 0 
7f0bc4200000-7f0bc4204000 ---p 00000000 00:00 0 
7f0bc4204000-7f0bc4301000 rw-p 00000000 00:00 0 
7f0bc4301000-7f0bc4305000 ---p 00000000 00:00 0 
7f0bc4305000-7f0bc4402000 rw-p 00000000 00:00 0 
7f0bc4402000-7f0bc4407000 r-xp 00000000 103:05 4326964                   /home/gpierre/Documents/eclipse/plugins/org.eclipse.justj.openjdk.hotspot.jre.full.linux.x86_64_17.0.2.v20220201-1208/jre/lib/libdt_socket.so
7f0bc4407000-7f0bc4606000 ---p 00005000 103:05 4326964                   /home/gpierre/Documents/eclipse/plugins/org.eclipse.justj.openjdk.hotspot.jre.full.linux.x86_64_17.0.2.v20220201-1208/jre/lib/libdt_socket.so
7f0bc4606000-7f0bc4607000 r--p 00004000 103:05 4326964                   /home/gpierre/Documents/eclipse/plugins/org.eclipse.justj.openjdk.hotspot.jre.full.linux.x86_64_17.0.2.v20220201-1208/jre/lib/libdt_socket.so
7f0bc4607000-7f0bc4608000 rw-p 00005000 103:05 4326964                   /home/gpierre/Documents/eclipse/plugins/org.eclipse.justj.openjdk.hotspot.jre.full.linux.x86_64_17.0.2.v20220201-1208/jre/lib/libdt_socket.so
7f0bc4608000-7f0bc460c000 ---p 00000000 00:00 0 
7f0bc460c000-7f0bc4709000 rw-p 00000000 00:00 0 
7f0bc4709000-7f0bc470d000 ---p 00000000 00:00 0 
7f0bc470d000-7f0bc480a000 rw-p 00000000 00:00 0 
7f0bc480a000-7f0bc480e000 ---p 00000000 00:00 0 
7f0bc480e000-7f0bc490b000 rw-p 00000000 00:00 0 
7f0bc490b000-7f0bc490f000 ---p 00000000 00:00 0 
7f0bc490f000-7f0bc4a0c000 rw-p 00000000 00:00 0 
7f0bc4a0c000-7f0bc4a10000 ---p 00000000 00:00 0 
7f0bc4a10000-7f0bc4b0d000 rw-p 00000000 00:00 0 
7f0bc4b0d000-7f0bc4b11000 ---p 00000000 00:00 0 
7f0bc4b11000-7f0bc4c0e000 rw-p 00000000 00:00 0 
7f0bc4c0e000-7f0bc4c12000 ---p 00000000 00:00 0 
7f0bc4c12000-7f0bc4d0f000 rw-p 00000000 00:00 0 
7f0bc4d0f000-7f0bc54fc000 r--p 00000000 103:04 2490827                   /usr/lib/locale/locale-archive
7f0bc54fc000-7f0bc5500000 ---p 00000000 00:00 0 
7f0bc5500000-7f0bc55fd000 rw-p 00000000 00:00 0 
7f0bc55fd000-7f0bc5601000 ---p 00000000 00:00 0 
7f0bc5601000-7f0bc56fe000 rw-p 00000000 00:00 0 
7f0bc56fe000-7f0bc56ff000 ---p 00000000 00:00 0 
7f0bc56ff000-7f0bc5d00000 rw-p 00000000 00:00 0 
7f0bc5d00000-7f0bc5d20000 rw-p 00000000 00:00 0 
7f0bc5d20000-7f0bc5d40000 rw-p 00000000 00:00 0 
7f0bc5d40000-7f0bc5d80000 rw-p 00000000 00:00 0 
7f0bc5d80000-7f0bc8000000 rw-p 00000000 00:00 0 
7f0bc8000000-7f0bc8021000 rw-p 00000000 00:00 0 
7f0bc8021000-7f0bcc000000 ---p 00000000 00:00 0 
7f0bcc000000-7f0bcc021000 rw-p 00000000 00:00 0 
7f0bcc021000-7f0bd0000000 ---p 00000000 00:00 0 
7f0bd0000000-7f0bd0021000 rw-p 00000000 00:00 0 
7f0bd0021000-7f0bd4000000 ---p 00000000 00:00 0 
7f0bd40b0000-7f0bd40b7000 r-xp 00000000 103:05 4326929                   /home/gpierre/Documents/eclipse/plugins/org.eclipse.justj.openjdk.hotspot.jre.full.linux.x86_64_17.0.2.v20220201-1208/jre/lib/libzip.so
7f0bd40b7000-7f0bd42b7000 ---p 00007000 103:05 4326929                   /home/gpierre/Documents/eclipse/plugins/org.eclipse.justj.openjdk.hotspot.jre.full.linux.x86_64_17.0.2.v20220201-1208/jre/lib/libzip.so
7f0bd42b7000-7f0bd42b8000 r--p 00007000 103:05 4326929                   /home/gpierre/Documents/eclipse/plugins/org.eclipse.justj.openjdk.hotspot.jre.full.linux.x86_64_17.0.2.v20220201-1208/jre/lib/libzip.so
7f0bd42b8000-7f0bd42b9000 rw-p 00008000 103:05 4326929                   /home/gpierre/Documents/eclipse/plugins/org.eclipse.justj.openjdk.hotspot.jre.full.linux.x86_64_17.0.2.v20220201-1208/jre/lib/libzip.so
7f0bd42b9000-7f0bd433a000 rw-p 00000000 00:00 0 
7f0bd433a000-7f0bd433b000 ---p 00000000 00:00 0 
7f0bd433b000-7f0bd443c000 rw-p 00000000 00:00 0 
7f0bd443c000-7f0bd443d000 ---p 00000000 00:00 0 
7f0bd443d000-7f0bd4d46000 rw-p 00000000 00:00 0 
7f0bd4d46000-7f0bd4d47000 ---p 00000000 00:00 0 
7f0bd4d47000-7f0bd5228000 rw-p 00000000 00:00 0 
7f0bd5228000-7f0bd8c40000 ---p 00000000 00:00 0 
7f0bd8c40000-7f0bd9020000 rw-p 00000000 00:00 0 
7f0bd9020000-7f0bdca38000 ---p 00000000 00:00 0 
7f0bdca38000-7f0bdcab4000 rw-p 00000000 00:00 0 
7f0bdcab4000-7f0bdd1f7000 ---p 00000000 00:00 0 
7f0bdd1f7000-7f0bdd273000 rw-p 00000000 00:00 0 
7f0bdd273000-7f0bdd9b6000 ---p 00000000 00:00 0 
7f0bdd9b6000-7f0bddc26000 rwxp 00000000 00:00 0 
7f0bddc26000-7f0bddf48000 ---p 00000000 00:00 0 
7f0bddf48000-7f0bde1b8000 rwxp 00000000 00:00 0 
7f0bde1b8000-7f0be547f000 ---p 00000000 00:00 0 
7f0be547f000-7f0be56ef000 rwxp 00000000 00:00 0 
7f0be56ef000-7f0bec9b6000 ---p 00000000 00:00 0 
7f0bec9b6000-7f0bf0000000 r--s 00000000 103:05 4326928                   /home/gpierre/Documents/eclipse/plugins/org.eclipse.justj.openjdk.hotspot.jre.full.linux.x86_64_17.0.2.v20220201-1208/jre/lib/modules
7f0bf0000000-7f0bf0578000 rw-p 00000000 00:00 0 
7f0bf0578000-7f0bf4000000 ---p 00000000 00:00 0 
7f0bf4007000-7f0bf40a3000 rw-p 00000000 00:00 0 
7f0bf40a3000-7f0bf40a4000 ---p 00000000 00:00 0 
7f0bf40a4000-7f0bf41a5000 rw-p 00000000 00:00 0 
7f0bf41a5000-7f0bf41a6000 ---p 00000000 00:00 0 
7f0bf41a6000-7f0bf43a3000 rw-p 00000000 00:00 0 
7f0bf43a3000-7f0bf4ae6000 ---p 00000000 00:00 0 
7f0bf4ae6000-7f0bf52f3000 rw-p 00000000 00:00 0 
7f0bf52f3000-7f0bf53d9000 ---p 00000000 00:00 0 
7f0bf53d9000-7f0bf53de000 rw-p 00000000 00:00 0 
7f0bf53de000-7f0bf54c4000 ---p 00000000 00:00 0 
7f0bf54c4000-7f0bf54c7000 r--p 00000000 103:04 2492587                   /usr/lib/x86_64-linux-gnu/libnss_files-2.31.so
7f0bf54c7000-7f0bf54ce000 r-xp 00003000 103:04 2492587                   /usr/lib/x86_64-linux-gnu/libnss_files-2.31.so
7f0bf54ce000-7f0bf54d0000 r--p 0000a000 103:04 2492587                   /usr/lib/x86_64-linux-gnu/libnss_files-2.31.so
7f0bf54d0000-7f0bf54d1000 r--p 0000b000 103:04 2492587                   /usr/lib/x86_64-linux-gnu/libnss_files-2.31.so
7f0bf54d1000-7f0bf54d2000 rw-p 0000c000 103:04 2492587                   /usr/lib/x86_64-linux-gnu/libnss_files-2.31.so
7f0bf54d2000-7f0bf54d8000 rw-p 00000000 00:00 0 
7f0bf54df000-7f0bf54e4000 rw-p 00000000 00:00 0 
7f0bf54e4000-7f0bf54eb000 ---p 00000000 00:00 0 
7f0bf54eb000-7f0bf54f5000 r-xp 00000000 103:05 4326954                   /home/gpierre/Documents/eclipse/plugins/org.eclipse.justj.openjdk.hotspot.jre.full.linux.x86_64_17.0.2.v20220201-1208/jre/lib/libinstrument.so
7f0bf54f5000-7f0bf56f4000 ---p 0000a000 103:05 4326954                   /home/gpierre/Documents/eclipse/plugins/org.eclipse.justj.openjdk.hotspot.jre.full.linux.x86_64_17.0.2.v20220201-1208/jre/lib/libinstrument.so
7f0bf56f4000-7f0bf56f5000 r--p 00009000 103:05 4326954                   /home/gpierre/Documents/eclipse/plugins/org.eclipse.justj.openjdk.hotspot.jre.full.linux.x86_64_17.0.2.v20220201-1208/jre/lib/libinstrument.so
7f0bf56f5000-7f0bf56f6000 rw-p 0000a000 103:05 4326954                   /home/gpierre/Documents/eclipse/plugins/org.eclipse.justj.openjdk.hotspot.jre.full.linux.x86_64_17.0.2.v20220201-1208/jre/lib/libinstrument.so
7f0bf56f6000-7f0bf571a000 r-xp 00000000 103:05 4326941                   /home/gpierre/Documents/eclipse/plugins/org.eclipse.justj.openjdk.hotspot.jre.full.linux.x86_64_17.0.2.v20220201-1208/jre/lib/libjava.so
7f0bf571a000-7f0bf591a000 ---p 00024000 103:05 4326941                   /home/gpierre/Documents/eclipse/plugins/org.eclipse.justj.openjdk.hotspot.jre.full.linux.x86_64_17.0.2.v20220201-1208/jre/lib/libjava.so
7f0bf591a000-7f0bf591b000 r--p 00024000 103:05 4326941                   /home/gpierre/Documents/eclipse/plugins/org.eclipse.justj.openjdk.hotspot.jre.full.linux.x86_64_17.0.2.v20220201-1208/jre/lib/libjava.so
7f0bf591b000-7f0bf591c000 rw-p 00025000 103:05 4326941                   /home/gpierre/Documents/eclipse/plugins/org.eclipse.justj.openjdk.hotspot.jre.full.linux.x86_64_17.0.2.v20220201-1208/jre/lib/libjava.so
7f0bf591c000-7f0bf591d000 rw-p 00000000 00:00 0 
7f0bf591d000-7f0bf595c000 r-xp 00000000 103:05 4326965                   /home/gpierre/Documents/eclipse/plugins/org.eclipse.justj.openjdk.hotspot.jre.full.linux.x86_64_17.0.2.v20220201-1208/jre/lib/libjdwp.so
7f0bf595c000-7f0bf5b5b000 ---p 0003f000 103:05 4326965                   /home/gpierre/Documents/eclipse/plugins/org.eclipse.justj.openjdk.hotspot.jre.full.linux.x86_64_17.0.2.v20220201-1208/jre/lib/libjdwp.so
7f0bf5b5b000-7f0bf5b5c000 r--p 0003e000 103:05 4326965                   /home/gpierre/Documents/eclipse/plugins/org.eclipse.justj.openjdk.hotspot.jre.full.linux.x86_64_17.0.2.v20220201-1208/jre/lib/libjdwp.so
7f0bf5b5c000-7f0bf5b5d000 rw-p 0003f000 103:05 4326965                   /home/gpierre/Documents/eclipse/plugins/org.eclipse.justj.openjdk.hotspot.jre.full.linux.x86_64_17.0.2.v20220201-1208/jre/lib/libjdwp.so
7f0bf5b5d000-7f0bf5b5e000 rw-p 00000000 00:00 0 
7f0bf5b5e000-7f0bf5b79000 r-xp 00000000 103:05 4326930                   /home/gpierre/Documents/eclipse/plugins/org.eclipse.justj.openjdk.hotspot.jre.full.linux.x86_64_17.0.2.v20220201-1208/jre/lib/libjimage.so
7f0bf5b79000-7f0bf5d78000 ---p 0001b000 103:05 4326930                   /home/gpierre/Documents/eclipse/plugins/org.eclipse.justj.openjdk.hotspot.jre.full.linux.x86_64_17.0.2.v20220201-1208/jre/lib/libjimage.so
7f0bf5d78000-7f0bf5d7a000 r--p 0001a000 103:05 4326930                   /home/gpierre/Documents/eclipse/plugins/org.eclipse.justj.openjdk.hotspot.jre.full.linux.x86_64_17.0.2.v20220201-1208/jre/lib/libjimage.so
7f0bf5d7a000-7f0bf5d7b000 rw-p 0001c000 103:05 4326930                   /home/gpierre/Documents/eclipse/plugins/org.eclipse.justj.openjdk.hotspot.jre.full.linux.x86_64_17.0.2.v20220201-1208/jre/lib/libjimage.so
7f0bf5d7b000-7f0bf5d7f000 ---p 00000000 00:00 0 
7f0bf5d7f000-7f0bf5e7c000 rw-p 00000000 00:00 0 
7f0bf5e7c000-7f0bf5e89000 r--p 00000000 103:04 2492581                   /usr/lib/x86_64-linux-gnu/libm-2.31.so
7f0bf5e89000-7f0bf5f30000 r-xp 0000d000 103:04 2492581                   /usr/lib/x86_64-linux-gnu/libm-2.31.so
7f0bf5f30000-7f0bf5fc9000 r--p 000b4000 103:04 2492581                   /usr/lib/x86_64-linux-gnu/libm-2.31.so
7f0bf5fc9000-7f0bf5fca000 r--p 0014c000 103:04 2492581                   /usr/lib/x86_64-linux-gnu/libm-2.31.so
7f0bf5fca000-7f0bf5fcb000 rw-p 0014d000 103:04 2492581                   /usr/lib/x86_64-linux-gnu/libm-2.31.so
7f0bf5fcb000-7f0bf5fcd000 r--p 00000000 103:04 2492594                   /usr/lib/x86_64-linux-gnu/librt-2.31.so
7f0bf5fcd000-7f0bf5fd1000 r-xp 00002000 103:04 2492594                   /usr/lib/x86_64-linux-gnu/librt-2.31.so
7f0bf5fd1000-7f0bf5fd3000 r--p 00006000 103:04 2492594                   /usr/lib/x86_64-linux-gnu/librt-2.31.so
7f0bf5fd3000-7f0bf5fd4000 r--p 00007000 103:04 2492594                   /usr/lib/x86_64-linux-gnu/librt-2.31.so
7f0bf5fd4000-7f0bf5fd5000 rw-p 00008000 103:04 2492594                   /usr/lib/x86_64-linux-gnu/librt-2.31.so
7f0bf5fd5000-7f0bf72b9000 r-xp 00000000 103:05 4326918                   /home/gpierre/Documents/eclipse/plugins/org.eclipse.justj.openjdk.hotspot.jre.full.linux.x86_64_17.0.2.v20220201-1208/jre/lib/server/libjvm.so
7f0bf72b9000-7f0bf74b9000 ---p 012e4000 103:05 4326918                   /home/gpierre/Documents/eclipse/plugins/org.eclipse.justj.openjdk.hotspot.jre.full.linux.x86_64_17.0.2.v20220201-1208/jre/lib/server/libjvm.so
7f0bf74b9000-7f0bf7572000 r--p 012e4000 103:05 4326918                   /home/gpierre/Documents/eclipse/plugins/org.eclipse.justj.openjdk.hotspot.jre.full.linux.x86_64_17.0.2.v20220201-1208/jre/lib/server/libjvm.so
7f0bf7572000-7f0bf75a7000 rw-p 0139d000 103:05 4326918                   /home/gpierre/Documents/eclipse/plugins/org.eclipse.justj.openjdk.hotspot.jre.full.linux.x86_64_17.0.2.v20220201-1208/jre/lib/server/libjvm.so
7f0bf75a7000-7f0bf7602000 rw-p 00000000 00:00 0 
7f0bf7602000-7f0bf7624000 r--p 00000000 103:04 2492579                   /usr/lib/x86_64-linux-gnu/libc-2.31.so
7f0bf7624000-7f0bf779c000 r-xp 00022000 103:04 2492579                   /usr/lib/x86_64-linux-gnu/libc-2.31.so
7f0bf779c000-7f0bf77ea000 r--p 0019a000 103:04 2492579                   /usr/lib/x86_64-linux-gnu/libc-2.31.so
7f0bf77ea000-7f0bf77ee000 r--p 001e7000 103:04 2492579                   /usr/lib/x86_64-linux-gnu/libc-2.31.so
7f0bf77ee000-7f0bf77f0000 rw-p 001eb000 103:04 2492579                   /usr/lib/x86_64-linux-gnu/libc-2.31.so
7f0bf77f0000-7f0bf77f4000 rw-p 00000000 00:00 0 
7f0bf77f4000-7f0bf77f5000 r--p 00000000 103:04 2492580                   /usr/lib/x86_64-linux-gnu/libdl-2.31.so
7f0bf77f5000-7f0bf77f7000 r-xp 00001000 103:04 2492580                   /usr/lib/x86_64-linux-gnu/libdl-2.31.so
7f0bf77f7000-7f0bf77f8000 r--p 00003000 103:04 2492580                   /usr/lib/x86_64-linux-gnu/libdl-2.31.so
7f0bf77f8000-7f0bf77f9000 r--p 00003000 103:04 2492580                   /usr/lib/x86_64-linux-gnu/libdl-2.31.so
7f0bf77f9000-7f0bf77fa000 rw-p 00004000 103:04 2492580                   /usr/lib/x86_64-linux-gnu/libdl-2.31.so
7f0bf77fa000-7f0bf7800000 r--p 00000000 103:04 2492592                   /usr/lib/x86_64-linux-gnu/libpthread-2.31.so
7f0bf7800000-7f0bf7811000 r-xp 00006000 103:04 2492592                   /usr/lib/x86_64-linux-gnu/libpthread-2.31.so
7f0bf7811000-7f0bf7817000 r--p 00017000 103:04 2492592                   /usr/lib/x86_64-linux-gnu/libpthread-2.31.so
7f0bf7817000-7f0bf7818000 r--p 0001c000 103:04 2492592                   /usr/lib/x86_64-linux-gnu/libpthread-2.31.so
7f0bf7818000-7f0bf7819000 rw-p 0001d000 103:04 2492592                   /usr/lib/x86_64-linux-gnu/libpthread-2.31.so
7f0bf7819000-7f0bf781d000 rw-p 00000000 00:00 0 
7f0bf781d000-7f0bf782c000 r-xp 00000000 103:05 4326937                   /home/gpierre/Documents/eclipse/plugins/org.eclipse.justj.openjdk.hotspot.jre.full.linux.x86_64_17.0.2.v20220201-1208/jre/lib/libjli.so
7f0bf782c000-7f0bf7a2c000 ---p 0000f000 103:05 4326937                   /home/gpierre/Documents/eclipse/plugins/org.eclipse.justj.openjdk.hotspot.jre.full.linux.x86_64_17.0.2.v20220201-1208/jre/lib/libjli.so
7f0bf7a2c000-7f0bf7a2d000 r--p 0000f000 103:05 4326937                   /home/gpierre/Documents/eclipse/plugins/org.eclipse.justj.openjdk.hotspot.jre.full.linux.x86_64_17.0.2.v20220201-1208/jre/lib/libjli.so
7f0bf7a2d000-7f0bf7a2e000 rw-p 00010000 103:05 4326937                   /home/gpierre/Documents/eclipse/plugins/org.eclipse.justj.openjdk.hotspot.jre.full.linux.x86_64_17.0.2.v20220201-1208/jre/lib/libjli.so
7f0bf7a2e000-7f0bf7a30000 r--p 00000000 103:04 2492726                   /usr/lib/x86_64-linux-gnu/libz.so.1.2.11
7f0bf7a30000-7f0bf7a41000 r-xp 00002000 103:04 2492726                   /usr/lib/x86_64-linux-gnu/libz.so.1.2.11
7f0bf7a41000-7f0bf7a47000 r--p 00013000 103:04 2492726                   /usr/lib/x86_64-linux-gnu/libz.so.1.2.11
7f0bf7a47000-7f0bf7a48000 ---p 00019000 103:04 2492726                   /usr/lib/x86_64-linux-gnu/libz.so.1.2.11
7f0bf7a48000-7f0bf7a49000 r--p 00019000 103:04 2492726                   /usr/lib/x86_64-linux-gnu/libz.so.1.2.11
7f0bf7a49000-7f0bf7a4a000 rw-p 0001a000 103:04 2492726                   /usr/lib/x86_64-linux-gnu/libz.so.1.2.11
7f0bf7a4c000-7f0bf7a53000 r--s 00000000 103:04 3026584                   /usr/lib/x86_64-linux-gnu/gconv/gconv-modules.cache
7f0bf7a53000-7f0bf7a5b000 rw-s 00000000 103:04 1191592                   /tmp/hsperfdata_gpierre/17061
7f0bf7a5b000-7f0bf7a5c000 ---p 00000000 00:00 0 
7f0bf7a5c000-7f0bf7a5d000 r--p 00000000 00:00 0 
7f0bf7a5d000-7f0bf7a5f000 rw-p 00000000 00:00 0 
7f0bf7a5f000-7f0bf7a60000 r--p 00000000 103:04 2492572                   /usr/lib/x86_64-linux-gnu/ld-2.31.so
7f0bf7a60000-7f0bf7a83000 r-xp 00001000 103:04 2492572                   /usr/lib/x86_64-linux-gnu/ld-2.31.so
7f0bf7a83000-7f0bf7a8b000 r--p 00024000 103:04 2492572                   /usr/lib/x86_64-linux-gnu/ld-2.31.so
7f0bf7a8b000-7f0bf7a8c000 ---p 00000000 00:00 0 
7f0bf7a8c000-7f0bf7a8d000 r--p 0002c000 103:04 2492572                   /usr/lib/x86_64-linux-gnu/ld-2.31.so
7f0bf7a8d000-7f0bf7a8e000 rw-p 0002d000 103:04 2492572                   /usr/lib/x86_64-linux-gnu/ld-2.31.so
7f0bf7a8e000-7f0bf7a8f000 rw-p 00000000 00:00 0 
7ffc71aea000-7ffc71b0c000 rw-p 00000000 00:00 0                          [stack]
7ffc71bc0000-7ffc71bc4000 r--p 00000000 00:00 0                          [vvar]
7ffc71bc4000-7ffc71bc6000 r-xp 00000000 00:00 0                          [vdso]
ffffffffff600000-ffffffffff601000 --xp 00000000 00:00 0                  [vsyscall]


VM Arguments:
jvm_args: -XX:+ShowCodeDetailsInExceptionMessages -agentlib:jdwp=transport=dt_socket,suspend=y,address=localhost:41781 -ea -javaagent:/home/gpierre/Documents/eclipse/configuration/org.eclipse.osgi/217/0/.cp/lib/javaagent-shaded.jar -Dfile.encoding=UTF-8 
java_command: org.eclipse.jdt.internal.junit.runner.RemoteTestRunner -version 3 -port 44933 -testLoaderClass org.eclipse.jdt.internal.junit4.runner.JUnit4TestLoader -loaderpluginname org.eclipse.jdt.junit4.runtime -test org.hipparchus.filtering.kalman.unscented.UnscentedKalmanFilterTest3:testRadar
java_class_path (initial): /home/gpierre/git/hipparchus/hipparchus-filtering/target/test-classes:/home/gpierre/git/hipparchus/hipparchus-filtering/target/classes:/home/gpierre/git/hipparchus/hipparchus-core/target/classes:/home/gpierre/git/hipparchus/hipparchus-core/target/test-classes:/home/gpierre/.m2/repository/junit/junit/4.13.1/junit-4.13.1.jar:/home/gpierre/.m2/repository/org/hamcrest/hamcrest-core/2.2/hamcrest-core-2.2.jar:/home/gpierre/.m2/repository/org/hamcrest/hamcrest/2.2/hamcrest-2.2.jar:/home/gpierre/Documents/eclipse/configuration/org.eclipse.osgi/215/0/.cp:/home/gpierre/Documents/eclipse/configuration/org.eclipse.osgi/214/0/.cp
Launcher Type: SUN_STANDARD

[Global flags]
     intx CICompilerCount                          = 4                                         {product} {ergonomic}
     uint ConcGCThreads                            = 2                                         {product} {ergonomic}
     uint G1ConcRefinementThreads                  = 8                                         {product} {ergonomic}
   size_t G1HeapRegionSize                         = 2097152                                   {product} {ergonomic}
    uintx GCDrainStackTargetSize                   = 64                                        {product} {ergonomic}
   size_t InitialHeapSize                          = 260046848                                 {product} {ergonomic}
   size_t MarkStackSize                            = 4194304                                   {product} {ergonomic}
   size_t MaxHeapSize                              = 4158652416                                {product} {ergonomic}
   size_t MaxNewSize                               = 2493513728                                {product} {ergonomic}
   size_t MinHeapDeltaBytes                        = 2097152                                   {product} {ergonomic}
   size_t MinHeapSize                              = 8388608                                   {product} {ergonomic}
    uintx NonNMethodCodeHeapSize                   = 5839372                                {pd product} {ergonomic}
    uintx NonProfiledCodeHeapSize                  = 122909434                              {pd product} {ergonomic}
    uintx ProfiledCodeHeapSize                     = 122909434                              {pd product} {ergonomic}
    uintx ReservedCodeCacheSize                    = 251658240                              {pd product} {ergonomic}
     bool SegmentedCodeCache                       = true                                      {product} {ergonomic}
     bool ShowCodeDetailsInExceptionMessages       = true                                   {manageable} {command line}
   size_t SoftMaxHeapSize                          = 4158652416                             {manageable} {ergonomic}
     bool UseCompressedClassPointers               = true                           {product lp64_product} {ergonomic}
     bool UseCompressedOops                        = true                           {product lp64_product} {ergonomic}
     bool UseG1GC                                  = true                                      {product} {ergonomic}

Logging:
Log output configuration:
 #0: stdout all=warning uptime,level,tags
 #1: stderr all=off uptime,level,tags

Environment Variables:
PATH=/home/gpierre/anaconda3/bin:/home/gpierre/anaconda3/condabin:/usr/local/sbin:/usr/local/bin:/usr/sbin:/usr/bin:/sbin:/bin:/usr/games:/usr/local/games:/snap/bin
SHELL=/bin/bash
DISPLAY=:0.0
LANG=fr_FR.UTF-8

Signal Handlers:
   SIGSEGV: crash_handler in libjvm.so, mask=11100100010111111101111111111110, flags=SA_RESTART|SA_SIGINFO
    SIGBUS: crash_handler in libjvm.so, mask=11100100010111111101111111111110, flags=SA_RESTART|SA_SIGINFO
    SIGFPE: crash_handler in libjvm.so, mask=11100100010111111101111111111110, flags=SA_RESTART|SA_SIGINFO
   SIGPIPE: javaSignalHandler in libjvm.so, mask=11100100010111111101111111111110, flags=SA_RESTART|SA_SIGINFO
   SIGXFSZ: javaSignalHandler in libjvm.so, mask=11100100010111111101111111111110, flags=SA_RESTART|SA_SIGINFO
    SIGILL: crash_handler in libjvm.so, mask=11100100010111111101111111111110, flags=SA_RESTART|SA_SIGINFO
   SIGUSR2: SR_handler in libjvm.so, mask=00100000000000000000000000000000, flags=SA_RESTART|SA_SIGINFO
    SIGHUP: UserHandler in libjvm.so, mask=11100100010111111101111111111110, flags=SA_RESTART|SA_SIGINFO
    SIGINT: UserHandler in libjvm.so, mask=11100100010111111101111111111110, flags=SA_RESTART|SA_SIGINFO
   SIGTERM: UserHandler in libjvm.so, mask=11100100010111111101111111111110, flags=SA_RESTART|SA_SIGINFO
   SIGQUIT: UserHandler in libjvm.so, mask=11100100010111111101111111111110, flags=SA_RESTART|SA_SIGINFO
   SIGTRAP: crash_handler in libjvm.so, mask=11100100010111111101111111111110, flags=SA_RESTART|SA_SIGINFO


---------------  S Y S T E M  ---------------

OS:
DISTRIB_ID=Ubuntu
DISTRIB_RELEASE=20.04
DISTRIB_CODENAME=focal
DISTRIB_DESCRIPTION="Ubuntu 20.04.4 LTS"
uname: Linux 5.13.0-39-generic #44~20.04.1-Ubuntu SMP Thu Mar 24 16:43:35 UTC 2022 x86_64
OS uptime: 0 days 3:02 hours
libc: glibc 2.31 NPTL 2.31 
rlimit (soft/hard): STACK 8192k/infinity , CORE 0k/infinity , NPROC 63166/63166 , NOFILE 1048576/1048576 , AS infinity/infinity , CPU infinity/infinity , DATA infinity/infinity , FSIZE infinity/infinity , MEMLOCK 65536k/65536k
load average: 1,01 1,17 1,57

/proc/meminfo:
MemTotal:       16241008 kB
MemFree:         8559780 kB
MemAvailable:   10265208 kB
Buffers:          255164 kB
Cached:          2198948 kB
SwapCached:            0 kB
Active:           891632 kB
Inactive:        5753152 kB
Active(anon):       4672 kB
Inactive(anon):  4801304 kB
Active(file):     886960 kB
Inactive(file):   951848 kB
Unevictable:      540948 kB
Mlocked:             176 kB
SwapTotal:      15625212 kB
SwapFree:       15625212 kB
Dirty:               392 kB
Writeback:             0 kB
AnonPages:       4731752 kB
Mapped:           626284 kB
Shmem:            615300 kB
KReclaimable:     203016 kB
Slab:             320976 kB
SReclaimable:     203016 kB
SUnreclaim:       117960 kB
KernelStack:       30416 kB
PageTables:        54496 kB
NFS_Unstable:          0 kB
Bounce:                0 kB
WritebackTmp:          0 kB
CommitLimit:    23745716 kB
Committed_AS:   11571868 kB
VmallocTotal:   34359738367 kB
VmallocUsed:       58308 kB
VmallocChunk:          0 kB
Percpu:             6656 kB
HardwareCorrupted:     0 kB
AnonHugePages:         0 kB
ShmemHugePages:        0 kB
ShmemPmdMapped:        0 kB
FileHugePages:         0 kB
FilePmdMapped:         0 kB
HugePages_Total:       0
HugePages_Free:        0
HugePages_Rsvd:        0
HugePages_Surp:        0
Hugepagesize:       2048 kB
Hugetlb:               0 kB
DirectMap4k:      277032 kB
DirectMap2M:    11112448 kB
DirectMap1G:     5242880 kB

/sys/kernel/mm/transparent_hugepage/enabled: always [madvise] never
/sys/kernel/mm/transparent_hugepage/defrag (defrag/compaction efforts parameter): always defer defer+madvise [madvise] never

Process Memory:
Virtual Size: 7291168K (peak: 7291168K)
Resident Set Size: 85944K (peak: 85944K) (anon: 56836K, file: 29108K, shmem: 0K)
Swapped out: 0K
C-Heap outstanding allocations: 7917K

/proc/sys/kernel/threads-max (system-wide limit on the number of threads): 126332
/proc/sys/vm/max_map_count (maximum number of memory map areas a process may have): 65530
/proc/sys/kernel/pid_max (system-wide limit on number of process identifiers): 4194304

container (cgroup) information:
container_type: cgroupv1
cpu_cpuset_cpus: 0-7
cpu_memory_nodes: 0
active_processor_count: 8
cpu_quota: no quota
cpu_period: 100000
cpu_shares: no shares
memory_limit_in_bytes: unlimited
memory_and_swap_limit_in_bytes: unlimited
memory_soft_limit_in_bytes: unlimited
memory_usage_in_bytes: 6507515904
memory_max_usage_in_bytes: 6594846720

Steal ticks since vm start: 0
Steal ticks percentage since vm start:  0,000

CPU: total 8 (initial active 8) (4 cores per cpu, 2 threads per core) family 6 model 142 stepping 10 microcode 0xec, cx8, cmov, fxsr, ht, mmx, 3dnowpref, sse, sse2, sse3, ssse3, sse4.1, sse4.2, popcnt, lzcnt, tsc, tscinvbit, avx, avx2, aes, erms, clmul, bmi1, bmi2, rtm, adx, fma, vzeroupper, clflush, clflushopt
CPU Model and flags from /proc/cpuinfo:
model name	: Intel(R) Core(TM) i5-8350U CPU @ 1.70GHz
flags		: fpu vme de pse tsc msr pae mce cx8 apic sep mtrr pge mca cmov pat pse36 clflush dts acpi mmx fxsr sse sse2 ss ht tm pbe syscall nx pdpe1gb rdtscp lm constant_tsc art arch_perfmon pebs bts rep_good nopl xtopology nonstop_tsc cpuid aperfmperf pni pclmulqdq dtes64 monitor ds_cpl vmx smx est tm2 ssse3 sdbg fma cx16 xtpr pdcm pcid sse4_1 sse4_2 x2apic movbe popcnt tsc_deadline_timer aes xsave avx f16c rdrand lahf_lm abm 3dnowprefetch cpuid_fault epb invpcid_single pti ssbd ibrs ibpb stibp tpr_shadow vnmi flexpriority ept vpid ept_ad fsgsbase tsc_adjust bmi1 hle avx2 smep bmi2 erms invpcid rtm mpx rdseed adx smap clflushopt intel_pt xsaveopt xsavec xgetbv1 xsaves dtherm ida arat pln pts hwp hwp_notify hwp_act_window hwp_epp md_clear flush_l1d arch_capabilities

Online cpus: 0-7
Offline cpus: 
BIOS frequency limitation: <Not Available>
Frequency switch latency (ns): 0
Available cpu frequencies: <Not Available>
Current governor: powersave
Core performance/turbo boost: <Not Available>

Memory: 4k page, physical 16241008k(8559692k free), swap 15625212k(15625212k free)
Page Sizes: 4k

vm_info: OpenJDK 64-Bit Server VM (17.0.2+8) for linux-amd64 JRE (17.0.2+8), built on Jan 20 2022 09:56:58 by "" with gcc 7.5.0

END.
